19/12/2023 10:41:37.388 WARN  [main] o.s.b.l.logback.LogbackLoggingSystem (initialize:136): Ignoring 'logback.configurationFile' system property. Please use 'logging.config' instead.
19/12/2023 10:41:37.442 INFO  [main] c.k.k.KlktkotlinApplication$Companion (logStarting:55): Starting KlktkotlinApplication.Companion using Java 1.8.0_202 on DESKTOP-K4TI3L5 with PID 23760 (E:\Projects\KLKT\klktkotlin\build\classes\kotlin\main started by giangtd-pc in E:\Projects\KLKT\klktkotlin)
19/12/2023 10:41:37.443 INFO  [main] c.k.k.KlktkotlinApplication$Companion (logStartupProfileInfo:632): No active profile set, falling back to 1 default profile: "default"
19/12/2023 10:41:37.694 WARN  [main] o.s.b.w.s.c.AnnotationConfigServletWebServerApplicationContext (refresh:591): Exception encountered during context initialization - cancelling refresh attempt: org.springframework.beans.factory.BeanDefinitionStoreException: Failed to parse configuration class [com.klkt.klktkotlin.KlktkotlinApplication]; nested exception is org.springframework.context.annotation.ConflictingBeanDefinitionException: Annotation-specified bean name 'userService' for bean class [com.klkt.klktkotlin.webapi.auth.service.UserService] conflicts with existing, non-compatible bean definition of same name and class [com.klkt.klktkotlin.authen.service.UserService]
19/12/2023 10:41:37.899 ERROR [main] o.s.boot.SpringApplication (reportFailure:818): Application run failed
org.springframework.beans.factory.BeanDefinitionStoreException: Failed to parse configuration class [com.klkt.klktkotlin.KlktkotlinApplication]; nested exception is org.springframework.context.annotation.ConflictingBeanDefinitionException: Annotation-specified bean name 'userService' for bean class [com.klkt.klktkotlin.webapi.auth.service.UserService] conflicts with existing, non-compatible bean definition of same name and class [com.klkt.klktkotlin.authen.service.UserService]
	at org.springframework.context.annotation.ConfigurationClassParser.parse(ConfigurationClassParser.java:188)
	at org.springframework.context.annotation.ConfigurationClassPostProcessor.processConfigBeanDefinitions(ConfigurationClassPostProcessor.java:331)
	at org.springframework.context.annotation.ConfigurationClassPostProcessor.postProcessBeanDefinitionRegistry(ConfigurationClassPostProcessor.java:247)
	at org.springframework.context.support.PostProcessorRegistrationDelegate.invokeBeanDefinitionRegistryPostProcessors(PostProcessorRegistrationDelegate.java:311)
	at org.springframework.context.support.PostProcessorRegistrationDelegate.invokeBeanFactoryPostProcessors(PostProcessorRegistrationDelegate.java:112)
	at org.springframework.context.support.AbstractApplicationContext.invokeBeanFactoryPostProcessors(AbstractApplicationContext.java:748)
	at org.springframework.context.support.AbstractApplicationContext.refresh(AbstractApplicationContext.java:564)
	at org.springframework.boot.web.servlet.context.ServletWebServerApplicationContext.refresh(ServletWebServerApplicationContext.java:147)
	at org.springframework.boot.SpringApplication.refresh(SpringApplication.java:732)
	at org.springframework.boot.SpringApplication.refreshContext(SpringApplication.java:409)
	at org.springframework.boot.SpringApplication.run(SpringApplication.java:308)
	at org.springframework.boot.SpringApplication.run(SpringApplication.java:1300)
	at org.springframework.boot.SpringApplication.run(SpringApplication.java:1289)
	at com.klkt.klktkotlin.KlktkotlinApplication$Companion.main(KlktkotlinApplication.kt:50)
	at com.klkt.klktkotlin.KlktkotlinApplication.main(KlktkotlinApplication.kt)
Caused by: org.springframework.context.annotation.ConflictingBeanDefinitionException: Annotation-specified bean name 'userService' for bean class [com.klkt.klktkotlin.webapi.auth.service.UserService] conflicts with existing, non-compatible bean definition of same name and class [com.klkt.klktkotlin.authen.service.UserService]
	at org.springframework.context.annotation.ClassPathBeanDefinitionScanner.checkCandidate(ClassPathBeanDefinitionScanner.java:349)
	at org.springframework.context.annotation.ClassPathBeanDefinitionScanner.doScan(ClassPathBeanDefinitionScanner.java:287)
	at org.springframework.context.annotation.ComponentScanAnnotationParser.parse(ComponentScanAnnotationParser.java:128)
	at org.springframework.context.annotation.ConfigurationClassParser.doProcessConfigurationClass(ConfigurationClassParser.java:295)
	at org.springframework.context.annotation.ConfigurationClassParser.processConfigurationClass(ConfigurationClassParser.java:249)
	at org.springframework.context.annotation.ConfigurationClassParser.parse(ConfigurationClassParser.java:206)
	at org.springframework.context.annotation.ConfigurationClassParser.parse(ConfigurationClassParser.java:174)
	... 14 common frames omitted
19/12/2023 10:42:27.283 WARN  [main] o.s.b.l.logback.LogbackLoggingSystem (initialize:136): Ignoring 'logback.configurationFile' system property. Please use 'logging.config' instead.
19/12/2023 10:42:27.347 INFO  [main] c.k.k.KlktkotlinApplication$Companion (logStarting:55): Starting KlktkotlinApplication.Companion using Java 1.8.0_202 on DESKTOP-K4TI3L5 with PID 10604 (E:\Projects\KLKT\klktkotlin\build\classes\kotlin\main started by giangtd-pc in E:\Projects\KLKT\klktkotlin)
19/12/2023 10:42:27.349 INFO  [main] c.k.k.KlktkotlinApplication$Companion (logStartupProfileInfo:632): No active profile set, falling back to 1 default profile: "default"
19/12/2023 10:42:28.756 INFO  [main] o.s.b.w.e.tomcat.TomcatWebServer (initialize:108): Tomcat initialized with port(s): 8088 (http)
19/12/2023 10:42:28.761 INFO  [main] o.a.coyote.http11.Http11NioProtocol (log:173): Initializing ProtocolHandler ["http-nio-8088"]
19/12/2023 10:42:28.762 INFO  [main] o.a.catalina.core.StandardService (log:173): Starting service [Tomcat]
19/12/2023 10:42:28.763 INFO  [main] o.a.catalina.core.StandardEngine (log:173): Starting Servlet engine: [Apache Tomcat/9.0.82]
19/12/2023 10:42:28.884 INFO  [main] o.a.c.c.C.[Tomcat].[localhost].[/] (log:173): Initializing Spring embedded WebApplicationContext
19/12/2023 10:42:28.885 INFO  [main] o.s.b.w.s.c.ServletWebServerApplicationContext (prepareWebApplicationContext:292): Root WebApplicationContext: initialization completed in 1471 ms
19/12/2023 10:42:28.911 ERROR [main] o.s.b.w.e.tomcat.TomcatStarter (onStartup:61): Error starting Tomcat context. Exception: org.springframework.beans.factory.UnsatisfiedDependencyException. Message: Error creating bean with name 'authenFilter': Unsatisfied dependency expressed through field 'jwtUtils'; nested exception is org.springframework.beans.factory.BeanCreationException: Error creating bean with name 'jwtToken' defined in file [E:\Projects\KLKT\klktkotlin\build\classes\kotlin\main\com\klkt\klktkotlin\authen\security\JwtToken.class]: Bean instantiation via constructor failed; nested exception is org.springframework.beans.BeanInstantiationException: Failed to instantiate [com.klkt.klktkotlin.authen.security.JwtToken]: Constructor threw exception; nested exception is java.lang.NullPointerException
19/12/2023 10:42:28.927 INFO  [main] o.a.catalina.core.StandardService (log:173): Stopping service [Tomcat]
19/12/2023 10:42:28.956 WARN  [main] o.s.b.w.s.c.AnnotationConfigServletWebServerApplicationContext (refresh:591): Exception encountered during context initialization - cancelling refresh attempt: org.springframework.context.ApplicationContextException: Unable to start web server; nested exception is org.springframework.boot.web.server.WebServerException: Unable to start embedded Tomcat
19/12/2023 10:42:28.964 INFO  [main] o.s.b.a.l.ConditionEvaluationReportLoggingListener (logMessage:136): 

Error starting ApplicationContext. To display the conditions report re-run your application with 'debug' enabled.
19/12/2023 10:42:28.988 ERROR [main] o.s.boot.SpringApplication (reportFailure:818): Application run failed
org.springframework.context.ApplicationContextException: Unable to start web server; nested exception is org.springframework.boot.web.server.WebServerException: Unable to start embedded Tomcat
	at org.springframework.boot.web.servlet.context.ServletWebServerApplicationContext.onRefresh(ServletWebServerApplicationContext.java:165)
	at org.springframework.context.support.AbstractApplicationContext.refresh(AbstractApplicationContext.java:577)
	at org.springframework.boot.web.servlet.context.ServletWebServerApplicationContext.refresh(ServletWebServerApplicationContext.java:147)
	at org.springframework.boot.SpringApplication.refresh(SpringApplication.java:732)
	at org.springframework.boot.SpringApplication.refreshContext(SpringApplication.java:409)
	at org.springframework.boot.SpringApplication.run(SpringApplication.java:308)
	at org.springframework.boot.SpringApplication.run(SpringApplication.java:1300)
	at org.springframework.boot.SpringApplication.run(SpringApplication.java:1289)
	at com.klkt.klktkotlin.KlktkotlinApplication$Companion.main(KlktkotlinApplication.kt:50)
	at com.klkt.klktkotlin.KlktkotlinApplication.main(KlktkotlinApplication.kt)
Caused by: org.springframework.boot.web.server.WebServerException: Unable to start embedded Tomcat
	at org.springframework.boot.web.embedded.tomcat.TomcatWebServer.initialize(TomcatWebServer.java:142)
	at org.springframework.boot.web.embedded.tomcat.TomcatWebServer.<init>(TomcatWebServer.java:104)
	at org.springframework.boot.web.embedded.tomcat.TomcatServletWebServerFactory.getTomcatWebServer(TomcatServletWebServerFactory.java:481)
	at org.springframework.boot.web.embedded.tomcat.TomcatServletWebServerFactory.getWebServer(TomcatServletWebServerFactory.java:211)
	at org.springframework.boot.web.servlet.context.ServletWebServerApplicationContext.createWebServer(ServletWebServerApplicationContext.java:184)
	at org.springframework.boot.web.servlet.context.ServletWebServerApplicationContext.onRefresh(ServletWebServerApplicationContext.java:162)
	... 9 common frames omitted
Caused by: org.springframework.beans.factory.UnsatisfiedDependencyException: Error creating bean with name 'authenFilter': Unsatisfied dependency expressed through field 'jwtUtils'; nested exception is org.springframework.beans.factory.BeanCreationException: Error creating bean with name 'jwtToken' defined in file [E:\Projects\KLKT\klktkotlin\build\classes\kotlin\main\com\klkt\klktkotlin\authen\security\JwtToken.class]: Bean instantiation via constructor failed; nested exception is org.springframework.beans.BeanInstantiationException: Failed to instantiate [com.klkt.klktkotlin.authen.security.JwtToken]: Constructor threw exception; nested exception is java.lang.NullPointerException
	at org.springframework.beans.factory.annotation.AutowiredAnnotationBeanPostProcessor$AutowiredFieldElement.resolveFieldValue(AutowiredAnnotationBeanPostProcessor.java:713)
	at org.springframework.beans.factory.annotation.AutowiredAnnotationBeanPostProcessor$AutowiredFieldElement.inject(AutowiredAnnotationBeanPostProcessor.java:693)
	at org.springframework.beans.factory.annotation.InjectionMetadata.inject(InjectionMetadata.java:119)
	at org.springframework.beans.factory.annotation.AutowiredAnnotationBeanPostProcessor.postProcessProperties(AutowiredAnnotationBeanPostProcessor.java:408)
	at org.springframework.beans.factory.support.AbstractAutowireCapableBeanFactory.populateBean(AbstractAutowireCapableBeanFactory.java:1431)
	at org.springframework.beans.factory.support.AbstractAutowireCapableBeanFactory.doCreateBean(AbstractAutowireCapableBeanFactory.java:619)
	at org.springframework.beans.factory.support.AbstractAutowireCapableBeanFactory.createBean(AbstractAutowireCapableBeanFactory.java:542)
	at org.springframework.beans.factory.support.AbstractBeanFactory.lambda$doGetBean$0(AbstractBeanFactory.java:335)
	at org.springframework.beans.factory.support.DefaultSingletonBeanRegistry.getSingleton(DefaultSingletonBeanRegistry.java:234)
	at org.springframework.beans.factory.support.AbstractBeanFactory.doGetBean(AbstractBeanFactory.java:333)
	at org.springframework.beans.factory.support.AbstractBeanFactory.getBean(AbstractBeanFactory.java:213)
	at org.springframework.boot.web.servlet.ServletContextInitializerBeans.getOrderedBeansOfType(ServletContextInitializerBeans.java:213)
	at org.springframework.boot.web.servlet.ServletContextInitializerBeans.addAsRegistrationBean(ServletContextInitializerBeans.java:176)
	at org.springframework.boot.web.servlet.ServletContextInitializerBeans.addAsRegistrationBean(ServletContextInitializerBeans.java:171)
	at org.springframework.boot.web.servlet.ServletContextInitializerBeans.addAdaptableBeans(ServletContextInitializerBeans.java:156)
	at org.springframework.boot.web.servlet.ServletContextInitializerBeans.<init>(ServletContextInitializerBeans.java:87)
	at org.springframework.boot.web.servlet.context.ServletWebServerApplicationContext.getServletContextInitializerBeans(ServletWebServerApplicationContext.java:262)
	at org.springframework.boot.web.servlet.context.ServletWebServerApplicationContext.selfInitialize(ServletWebServerApplicationContext.java:236)
	at org.springframework.boot.web.embedded.tomcat.TomcatStarter.onStartup(TomcatStarter.java:53)
	at org.apache.catalina.core.StandardContext.startInternal(StandardContext.java:4904)
	at org.apache.catalina.util.LifecycleBase.start(LifecycleBase.java:171)
	at org.apache.catalina.core.ContainerBase$StartChild.call(ContainerBase.java:1332)
	at org.apache.catalina.core.ContainerBase$StartChild.call(ContainerBase.java:1322)
	at java.util.concurrent.FutureTask.run(FutureTask.java:266)
	at org.apache.tomcat.util.threads.InlineExecutorService.execute(InlineExecutorService.java:75)
	at java.util.concurrent.AbstractExecutorService.submit(AbstractExecutorService.java:134)
	at org.apache.catalina.core.ContainerBase.startInternal(ContainerBase.java:866)
	at org.apache.catalina.core.StandardHost.startInternal(StandardHost.java:794)
	at org.apache.catalina.util.LifecycleBase.start(LifecycleBase.java:171)
	at org.apache.catalina.core.ContainerBase$StartChild.call(ContainerBase.java:1332)
	at org.apache.catalina.core.ContainerBase$StartChild.call(ContainerBase.java:1322)
	at java.util.concurrent.FutureTask.run(FutureTask.java:266)
	at org.apache.tomcat.util.threads.InlineExecutorService.execute(InlineExecutorService.java:75)
	at java.util.concurrent.AbstractExecutorService.submit(AbstractExecutorService.java:134)
	at org.apache.catalina.core.ContainerBase.startInternal(ContainerBase.java:866)
	at org.apache.catalina.core.StandardEngine.startInternal(StandardEngine.java:248)
	at org.apache.catalina.util.LifecycleBase.start(LifecycleBase.java:171)
	at org.apache.catalina.core.StandardService.startInternal(StandardService.java:433)
	at org.apache.catalina.util.LifecycleBase.start(LifecycleBase.java:171)
	at org.apache.catalina.core.StandardServer.startInternal(StandardServer.java:921)
	at org.apache.catalina.util.LifecycleBase.start(LifecycleBase.java:171)
	at org.apache.catalina.startup.Tomcat.start(Tomcat.java:489)
	at org.springframework.boot.web.embedded.tomcat.TomcatWebServer.initialize(TomcatWebServer.java:123)
	... 14 common frames omitted
Caused by: org.springframework.beans.factory.BeanCreationException: Error creating bean with name 'jwtToken' defined in file [E:\Projects\KLKT\klktkotlin\build\classes\kotlin\main\com\klkt\klktkotlin\authen\security\JwtToken.class]: Bean instantiation via constructor failed; nested exception is org.springframework.beans.BeanInstantiationException: Failed to instantiate [com.klkt.klktkotlin.authen.security.JwtToken]: Constructor threw exception; nested exception is java.lang.NullPointerException
	at org.springframework.beans.factory.support.ConstructorResolver.instantiate(ConstructorResolver.java:310)
	at org.springframework.beans.factory.support.ConstructorResolver.autowireConstructor(ConstructorResolver.java:176)
	at org.springframework.beans.factory.support.AbstractAutowireCapableBeanFactory.autowireConstructor(AbstractAutowireCapableBeanFactory.java:1372)
	at org.springframework.beans.factory.support.AbstractAutowireCapableBeanFactory.createBeanInstance(AbstractAutowireCapableBeanFactory.java:1222)
	at org.springframework.beans.factory.support.AbstractAutowireCapableBeanFactory.doCreateBean(AbstractAutowireCapableBeanFactory.java:582)
	at org.springframework.beans.factory.support.AbstractAutowireCapableBeanFactory.createBean(AbstractAutowireCapableBeanFactory.java:542)
	at org.springframework.beans.factory.support.AbstractBeanFactory.lambda$doGetBean$0(AbstractBeanFactory.java:335)
	at org.springframework.beans.factory.support.DefaultSingletonBeanRegistry.getSingleton(DefaultSingletonBeanRegistry.java:234)
	at org.springframework.beans.factory.support.AbstractBeanFactory.doGetBean(AbstractBeanFactory.java:333)
	at org.springframework.beans.factory.support.AbstractBeanFactory.getBean(AbstractBeanFactory.java:208)
	at org.springframework.beans.factory.config.DependencyDescriptor.resolveCandidate(DependencyDescriptor.java:276)
	at org.springframework.beans.factory.support.DefaultListableBeanFactory.doResolveDependency(DefaultListableBeanFactory.java:1391)
	at org.springframework.beans.factory.support.DefaultListableBeanFactory.resolveDependency(DefaultListableBeanFactory.java:1311)
	at org.springframework.beans.factory.annotation.AutowiredAnnotationBeanPostProcessor$AutowiredFieldElement.resolveFieldValue(AutowiredAnnotationBeanPostProcessor.java:710)
	... 56 common frames omitted
Caused by: org.springframework.beans.BeanInstantiationException: Failed to instantiate [com.klkt.klktkotlin.authen.security.JwtToken]: Constructor threw exception; nested exception is java.lang.NullPointerException
	at org.springframework.beans.BeanUtils.instantiateClass(BeanUtils.java:224)
	at org.springframework.beans.factory.support.SimpleInstantiationStrategy.instantiate(SimpleInstantiationStrategy.java:117)
	at org.springframework.beans.factory.support.ConstructorResolver.instantiate(ConstructorResolver.java:306)
	... 69 common frames omitted
Caused by: java.lang.NullPointerException: null
	at com.klkt.klktkotlin.authen.security.JwtToken.<init>(JwtToken.kt:30)
	at sun.reflect.NativeConstructorAccessorImpl.newInstance0(Native Method)
	at sun.reflect.NativeConstructorAccessorImpl.newInstance(NativeConstructorAccessorImpl.java:62)
	at sun.reflect.DelegatingConstructorAccessorImpl.newInstance(DelegatingConstructorAccessorImpl.java:45)
	at java.lang.reflect.Constructor.newInstance(Constructor.java:423)
	at kotlin.reflect.jvm.internal.calls.CallerImpl$Constructor.call(CallerImpl.kt:41)
	at kotlin.reflect.jvm.internal.KCallableImpl.call(KCallableImpl.kt:108)
	at kotlin.reflect.jvm.internal.KCallableImpl.callDefaultMethod$kotlin_reflection(KCallableImpl.kt:159)
	at kotlin.reflect.jvm.internal.KCallableImpl.callBy(KCallableImpl.kt:112)
	at org.springframework.beans.BeanUtils$KotlinDelegate.instantiateClass(BeanUtils.java:893)
	at org.springframework.beans.BeanUtils.instantiateClass(BeanUtils.java:196)
	... 71 common frames omitted
19/12/2023 10:43:12.496 WARN  [main] o.s.b.l.logback.LogbackLoggingSystem (initialize:136): Ignoring 'logback.configurationFile' system property. Please use 'logging.config' instead.
19/12/2023 10:43:12.549 INFO  [main] c.k.k.KlktkotlinApplication$Companion (logStarting:55): Starting KlktkotlinApplication.Companion using Java 1.8.0_202 on DESKTOP-K4TI3L5 with PID 23604 (E:\Projects\KLKT\klktkotlin\build\classes\kotlin\main started by giangtd-pc in E:\Projects\KLKT\klktkotlin)
19/12/2023 10:43:12.549 INFO  [main] c.k.k.KlktkotlinApplication$Companion (logStartupProfileInfo:632): No active profile set, falling back to 1 default profile: "default"
19/12/2023 10:43:13.725 INFO  [main] o.s.b.w.e.tomcat.TomcatWebServer (initialize:108): Tomcat initialized with port(s): 8088 (http)
19/12/2023 10:43:13.730 INFO  [main] o.a.coyote.http11.Http11NioProtocol (log:173): Initializing ProtocolHandler ["http-nio-8088"]
19/12/2023 10:43:13.731 INFO  [main] o.a.catalina.core.StandardService (log:173): Starting service [Tomcat]
19/12/2023 10:43:13.731 INFO  [main] o.a.catalina.core.StandardEngine (log:173): Starting Servlet engine: [Apache Tomcat/9.0.82]
19/12/2023 10:43:13.838 INFO  [main] o.a.c.c.C.[Tomcat].[localhost].[/] (log:173): Initializing Spring embedded WebApplicationContext
19/12/2023 10:43:13.838 INFO  [main] o.s.b.w.s.c.ServletWebServerApplicationContext (prepareWebApplicationContext:292): Root WebApplicationContext: initialization completed in 1235 ms
19/12/2023 10:43:13.858 ERROR [main] o.s.b.w.e.tomcat.TomcatStarter (onStartup:61): Error starting Tomcat context. Exception: org.springframework.beans.factory.UnsatisfiedDependencyException. Message: Error creating bean with name 'authenFilter': Unsatisfied dependency expressed through field 'jwtUtils'; nested exception is org.springframework.beans.factory.BeanCreationException: Error creating bean with name 'jwtToken' defined in file [E:\Projects\KLKT\klktkotlin\build\classes\kotlin\main\com\klkt\klktkotlin\authen\security\JwtToken.class]: Bean instantiation via constructor failed; nested exception is org.springframework.beans.BeanInstantiationException: Failed to instantiate [com.klkt.klktkotlin.authen.security.JwtToken]: Constructor threw exception; nested exception is java.lang.NullPointerException
19/12/2023 10:43:13.872 INFO  [main] o.a.catalina.core.StandardService (log:173): Stopping service [Tomcat]
19/12/2023 10:43:13.893 WARN  [main] o.s.b.w.s.c.AnnotationConfigServletWebServerApplicationContext (refresh:591): Exception encountered during context initialization - cancelling refresh attempt: org.springframework.context.ApplicationContextException: Unable to start web server; nested exception is org.springframework.boot.web.server.WebServerException: Unable to start embedded Tomcat
19/12/2023 10:43:13.899 INFO  [main] o.s.b.a.l.ConditionEvaluationReportLoggingListener (logMessage:136): 

Error starting ApplicationContext. To display the conditions report re-run your application with 'debug' enabled.
19/12/2023 10:43:13.917 ERROR [main] o.s.boot.SpringApplication (reportFailure:818): Application run failed
org.springframework.context.ApplicationContextException: Unable to start web server; nested exception is org.springframework.boot.web.server.WebServerException: Unable to start embedded Tomcat
	at org.springframework.boot.web.servlet.context.ServletWebServerApplicationContext.onRefresh(ServletWebServerApplicationContext.java:165)
	at org.springframework.context.support.AbstractApplicationContext.refresh(AbstractApplicationContext.java:577)
	at org.springframework.boot.web.servlet.context.ServletWebServerApplicationContext.refresh(ServletWebServerApplicationContext.java:147)
	at org.springframework.boot.SpringApplication.refresh(SpringApplication.java:732)
	at org.springframework.boot.SpringApplication.refreshContext(SpringApplication.java:409)
	at org.springframework.boot.SpringApplication.run(SpringApplication.java:308)
	at org.springframework.boot.SpringApplication.run(SpringApplication.java:1300)
	at org.springframework.boot.SpringApplication.run(SpringApplication.java:1289)
	at com.klkt.klktkotlin.KlktkotlinApplication$Companion.main(KlktkotlinApplication.kt:50)
	at com.klkt.klktkotlin.KlktkotlinApplication.main(KlktkotlinApplication.kt)
Caused by: org.springframework.boot.web.server.WebServerException: Unable to start embedded Tomcat
	at org.springframework.boot.web.embedded.tomcat.TomcatWebServer.initialize(TomcatWebServer.java:142)
	at org.springframework.boot.web.embedded.tomcat.TomcatWebServer.<init>(TomcatWebServer.java:104)
	at org.springframework.boot.web.embedded.tomcat.TomcatServletWebServerFactory.getTomcatWebServer(TomcatServletWebServerFactory.java:481)
	at org.springframework.boot.web.embedded.tomcat.TomcatServletWebServerFactory.getWebServer(TomcatServletWebServerFactory.java:211)
	at org.springframework.boot.web.servlet.context.ServletWebServerApplicationContext.createWebServer(ServletWebServerApplicationContext.java:184)
	at org.springframework.boot.web.servlet.context.ServletWebServerApplicationContext.onRefresh(ServletWebServerApplicationContext.java:162)
	... 9 common frames omitted
Caused by: org.springframework.beans.factory.UnsatisfiedDependencyException: Error creating bean with name 'authenFilter': Unsatisfied dependency expressed through field 'jwtUtils'; nested exception is org.springframework.beans.factory.BeanCreationException: Error creating bean with name 'jwtToken' defined in file [E:\Projects\KLKT\klktkotlin\build\classes\kotlin\main\com\klkt\klktkotlin\authen\security\JwtToken.class]: Bean instantiation via constructor failed; nested exception is org.springframework.beans.BeanInstantiationException: Failed to instantiate [com.klkt.klktkotlin.authen.security.JwtToken]: Constructor threw exception; nested exception is java.lang.NullPointerException
	at org.springframework.beans.factory.annotation.AutowiredAnnotationBeanPostProcessor$AutowiredFieldElement.resolveFieldValue(AutowiredAnnotationBeanPostProcessor.java:713)
	at org.springframework.beans.factory.annotation.AutowiredAnnotationBeanPostProcessor$AutowiredFieldElement.inject(AutowiredAnnotationBeanPostProcessor.java:693)
	at org.springframework.beans.factory.annotation.InjectionMetadata.inject(InjectionMetadata.java:119)
	at org.springframework.beans.factory.annotation.AutowiredAnnotationBeanPostProcessor.postProcessProperties(AutowiredAnnotationBeanPostProcessor.java:408)
	at org.springframework.beans.factory.support.AbstractAutowireCapableBeanFactory.populateBean(AbstractAutowireCapableBeanFactory.java:1431)
	at org.springframework.beans.factory.support.AbstractAutowireCapableBeanFactory.doCreateBean(AbstractAutowireCapableBeanFactory.java:619)
	at org.springframework.beans.factory.support.AbstractAutowireCapableBeanFactory.createBean(AbstractAutowireCapableBeanFactory.java:542)
	at org.springframework.beans.factory.support.AbstractBeanFactory.lambda$doGetBean$0(AbstractBeanFactory.java:335)
	at org.springframework.beans.factory.support.DefaultSingletonBeanRegistry.getSingleton(DefaultSingletonBeanRegistry.java:234)
	at org.springframework.beans.factory.support.AbstractBeanFactory.doGetBean(AbstractBeanFactory.java:333)
	at org.springframework.beans.factory.support.AbstractBeanFactory.getBean(AbstractBeanFactory.java:213)
	at org.springframework.boot.web.servlet.ServletContextInitializerBeans.getOrderedBeansOfType(ServletContextInitializerBeans.java:213)
	at org.springframework.boot.web.servlet.ServletContextInitializerBeans.addAsRegistrationBean(ServletContextInitializerBeans.java:176)
	at org.springframework.boot.web.servlet.ServletContextInitializerBeans.addAsRegistrationBean(ServletContextInitializerBeans.java:171)
	at org.springframework.boot.web.servlet.ServletContextInitializerBeans.addAdaptableBeans(ServletContextInitializerBeans.java:156)
	at org.springframework.boot.web.servlet.ServletContextInitializerBeans.<init>(ServletContextInitializerBeans.java:87)
	at org.springframework.boot.web.servlet.context.ServletWebServerApplicationContext.getServletContextInitializerBeans(ServletWebServerApplicationContext.java:262)
	at org.springframework.boot.web.servlet.context.ServletWebServerApplicationContext.selfInitialize(ServletWebServerApplicationContext.java:236)
	at org.springframework.boot.web.embedded.tomcat.TomcatStarter.onStartup(TomcatStarter.java:53)
	at org.apache.catalina.core.StandardContext.startInternal(StandardContext.java:4904)
	at org.apache.catalina.util.LifecycleBase.start(LifecycleBase.java:171)
	at org.apache.catalina.core.ContainerBase$StartChild.call(ContainerBase.java:1332)
	at org.apache.catalina.core.ContainerBase$StartChild.call(ContainerBase.java:1322)
	at java.util.concurrent.FutureTask.run(FutureTask.java:266)
	at org.apache.tomcat.util.threads.InlineExecutorService.execute(InlineExecutorService.java:75)
	at java.util.concurrent.AbstractExecutorService.submit(AbstractExecutorService.java:134)
	at org.apache.catalina.core.ContainerBase.startInternal(ContainerBase.java:866)
	at org.apache.catalina.core.StandardHost.startInternal(StandardHost.java:794)
	at org.apache.catalina.util.LifecycleBase.start(LifecycleBase.java:171)
	at org.apache.catalina.core.ContainerBase$StartChild.call(ContainerBase.java:1332)
	at org.apache.catalina.core.ContainerBase$StartChild.call(ContainerBase.java:1322)
	at java.util.concurrent.FutureTask.run(FutureTask.java:266)
	at org.apache.tomcat.util.threads.InlineExecutorService.execute(InlineExecutorService.java:75)
	at java.util.concurrent.AbstractExecutorService.submit(AbstractExecutorService.java:134)
	at org.apache.catalina.core.ContainerBase.startInternal(ContainerBase.java:866)
	at org.apache.catalina.core.StandardEngine.startInternal(StandardEngine.java:248)
	at org.apache.catalina.util.LifecycleBase.start(LifecycleBase.java:171)
	at org.apache.catalina.core.StandardService.startInternal(StandardService.java:433)
	at org.apache.catalina.util.LifecycleBase.start(LifecycleBase.java:171)
	at org.apache.catalina.core.StandardServer.startInternal(StandardServer.java:921)
	at org.apache.catalina.util.LifecycleBase.start(LifecycleBase.java:171)
	at org.apache.catalina.startup.Tomcat.start(Tomcat.java:489)
	at org.springframework.boot.web.embedded.tomcat.TomcatWebServer.initialize(TomcatWebServer.java:123)
	... 14 common frames omitted
Caused by: org.springframework.beans.factory.BeanCreationException: Error creating bean with name 'jwtToken' defined in file [E:\Projects\KLKT\klktkotlin\build\classes\kotlin\main\com\klkt\klktkotlin\authen\security\JwtToken.class]: Bean instantiation via constructor failed; nested exception is org.springframework.beans.BeanInstantiationException: Failed to instantiate [com.klkt.klktkotlin.authen.security.JwtToken]: Constructor threw exception; nested exception is java.lang.NullPointerException
	at org.springframework.beans.factory.support.ConstructorResolver.instantiate(ConstructorResolver.java:310)
	at org.springframework.beans.factory.support.ConstructorResolver.autowireConstructor(ConstructorResolver.java:176)
	at org.springframework.beans.factory.support.AbstractAutowireCapableBeanFactory.autowireConstructor(AbstractAutowireCapableBeanFactory.java:1372)
	at org.springframework.beans.factory.support.AbstractAutowireCapableBeanFactory.createBeanInstance(AbstractAutowireCapableBeanFactory.java:1222)
	at org.springframework.beans.factory.support.AbstractAutowireCapableBeanFactory.doCreateBean(AbstractAutowireCapableBeanFactory.java:582)
	at org.springframework.beans.factory.support.AbstractAutowireCapableBeanFactory.createBean(AbstractAutowireCapableBeanFactory.java:542)
	at org.springframework.beans.factory.support.AbstractBeanFactory.lambda$doGetBean$0(AbstractBeanFactory.java:335)
	at org.springframework.beans.factory.support.DefaultSingletonBeanRegistry.getSingleton(DefaultSingletonBeanRegistry.java:234)
	at org.springframework.beans.factory.support.AbstractBeanFactory.doGetBean(AbstractBeanFactory.java:333)
	at org.springframework.beans.factory.support.AbstractBeanFactory.getBean(AbstractBeanFactory.java:208)
	at org.springframework.beans.factory.config.DependencyDescriptor.resolveCandidate(DependencyDescriptor.java:276)
	at org.springframework.beans.factory.support.DefaultListableBeanFactory.doResolveDependency(DefaultListableBeanFactory.java:1391)
	at org.springframework.beans.factory.support.DefaultListableBeanFactory.resolveDependency(DefaultListableBeanFactory.java:1311)
	at org.springframework.beans.factory.annotation.AutowiredAnnotationBeanPostProcessor$AutowiredFieldElement.resolveFieldValue(AutowiredAnnotationBeanPostProcessor.java:710)
	... 56 common frames omitted
Caused by: org.springframework.beans.BeanInstantiationException: Failed to instantiate [com.klkt.klktkotlin.authen.security.JwtToken]: Constructor threw exception; nested exception is java.lang.NullPointerException
	at org.springframework.beans.BeanUtils.instantiateClass(BeanUtils.java:224)
	at org.springframework.beans.factory.support.SimpleInstantiationStrategy.instantiate(SimpleInstantiationStrategy.java:117)
	at org.springframework.beans.factory.support.ConstructorResolver.instantiate(ConstructorResolver.java:306)
	... 69 common frames omitted
Caused by: java.lang.NullPointerException: null
	at com.klkt.klktkotlin.authen.security.JwtToken.<init>(JwtToken.kt:30)
	at sun.reflect.NativeConstructorAccessorImpl.newInstance0(Native Method)
	at sun.reflect.NativeConstructorAccessorImpl.newInstance(NativeConstructorAccessorImpl.java:62)
	at sun.reflect.DelegatingConstructorAccessorImpl.newInstance(DelegatingConstructorAccessorImpl.java:45)
	at java.lang.reflect.Constructor.newInstance(Constructor.java:423)
	at kotlin.reflect.jvm.internal.calls.CallerImpl$Constructor.call(CallerImpl.kt:41)
	at kotlin.reflect.jvm.internal.KCallableImpl.call(KCallableImpl.kt:108)
	at kotlin.reflect.jvm.internal.KCallableImpl.callDefaultMethod$kotlin_reflection(KCallableImpl.kt:159)
	at kotlin.reflect.jvm.internal.KCallableImpl.callBy(KCallableImpl.kt:112)
	at org.springframework.beans.BeanUtils$KotlinDelegate.instantiateClass(BeanUtils.java:893)
	at org.springframework.beans.BeanUtils.instantiateClass(BeanUtils.java:196)
	... 71 common frames omitted
19/12/2023 10:45:32.872 WARN  [main] o.s.b.l.logback.LogbackLoggingSystem (initialize:136): Ignoring 'logback.configurationFile' system property. Please use 'logging.config' instead.
19/12/2023 10:45:32.932 INFO  [main] c.k.k.KlktkotlinApplication$Companion (logStarting:55): Starting KlktkotlinApplication.Companion using Java 1.8.0_202 on DESKTOP-K4TI3L5 with PID 16904 (E:\Projects\KLKT\klktkotlin\build\classes\kotlin\main started by giangtd-pc in E:\Projects\KLKT\klktkotlin)
19/12/2023 10:45:32.933 INFO  [main] c.k.k.KlktkotlinApplication$Companion (logStartupProfileInfo:632): No active profile set, falling back to 1 default profile: "default"
19/12/2023 10:45:34.147 INFO  [main] o.s.b.w.e.tomcat.TomcatWebServer (initialize:108): Tomcat initialized with port(s): 8088 (http)
19/12/2023 10:45:34.151 INFO  [main] o.a.coyote.http11.Http11NioProtocol (log:173): Initializing ProtocolHandler ["http-nio-8088"]
19/12/2023 10:45:34.153 INFO  [main] o.a.catalina.core.StandardService (log:173): Starting service [Tomcat]
19/12/2023 10:45:34.154 INFO  [main] o.a.catalina.core.StandardEngine (log:173): Starting Servlet engine: [Apache Tomcat/9.0.82]
19/12/2023 10:45:34.274 INFO  [main] o.a.c.c.C.[Tomcat].[localhost].[/] (log:173): Initializing Spring embedded WebApplicationContext
19/12/2023 10:45:34.275 INFO  [main] o.s.b.w.s.c.ServletWebServerApplicationContext (prepareWebApplicationContext:292): Root WebApplicationContext: initialization completed in 1296 ms
19/12/2023 10:45:34.649 INFO  [main] c.k.k.a.service.RouteMapperServics (init:40): =======>path: [error] /error
19/12/2023 10:45:34.649 INFO  [main] c.k.k.a.service.RouteMapperServics (init:40): =======>path: [getDocumentation] /v2/api-docs
19/12/2023 10:45:34.649 INFO  [main] c.k.k.a.service.RouteMapperServics (init:40): =======>path: [refreshAccessToken] /api/auth/refresh
19/12/2023 10:45:34.650 INFO  [main] c.k.k.a.service.RouteMapperServics (init:40): =======>path: [uiConfiguration] /swagger-resources/configuration/ui
19/12/2023 10:45:34.650 INFO  [main] c.k.k.a.service.RouteMapperServics (init:40): =======>path: [getDocumentation] /v3/api-docs
19/12/2023 10:45:34.650 INFO  [main] c.k.k.a.service.RouteMapperServics (init:40): =======>path: [getData] /v1/dvc/get
19/12/2023 10:45:34.650 INFO  [main] c.k.k.a.service.RouteMapperServics (init:40): =======>path: [securityConfiguration] /swagger-resources/configuration/security
19/12/2023 10:45:34.650 INFO  [main] c.k.k.a.service.RouteMapperServics (init:40): =======>path: [authenticate] /api/auth
19/12/2023 10:45:34.651 INFO  [main] c.k.k.a.service.RouteMapperServics (init:40): =======>path: [errorHtml] /error
19/12/2023 10:45:34.651 INFO  [main] c.k.k.a.service.RouteMapperServics (init:40): =======>path: [getDataTest] /v1/dvc/get-test
19/12/2023 10:45:34.651 INFO  [main] c.k.k.a.service.RouteMapperServics (init:40): =======>path: [swaggerResources] /swagger-resources
19/12/2023 10:45:34.651 INFO  [main] c.k.k.a.service.RouteMapperServics (reload:63): Add permit router. id: 0 > /v2/api-docs
19/12/2023 10:45:34.651 INFO  [main] c.k.k.a.service.RouteMapperServics (reload:63): Add permit router. id: 0 > /error
19/12/2023 10:45:34.651 INFO  [main] c.k.k.a.service.RouteMapperServics (reload:63): Add permit router. id: 0 > /api/auth
19/12/2023 10:45:34.651 INFO  [main] c.k.k.a.service.RouteMapperServics (reload:63): Add permit router. id: 0 > /api/auth/refresh
19/12/2023 10:45:34.652 INFO  [main] c.k.k.a.service.RouteMapperServics (reload:63): Add permit router. id: 0 > /swagger-resources/configuration/ui
19/12/2023 10:45:34.652 INFO  [main] c.k.k.a.service.RouteMapperServics (reload:63): Add permit router. id: 0 > /swagger-resources/configuration/security
19/12/2023 10:45:34.652 INFO  [main] c.k.k.a.service.RouteMapperServics (reload:63): Add permit router. id: 0 > /v3/api-docs
19/12/2023 10:45:34.652 INFO  [main] c.k.k.a.service.RouteMapperServics (reload:63): Add permit router. id: 0 > /swagger-resources
19/12/2023 10:45:34.652 INFO  [main] c.k.k.a.service.RouteMapperServics (reload:63): Add permit router. id: 0 > /v1/dvc/get
19/12/2023 10:45:34.652 INFO  [main] c.k.k.a.service.RouteMapperServics (reload:63): Add permit router. id: 0 > /v1/dvc/get-test
19/12/2023 10:45:34.652 INFO  [main] c.k.k.a.service.RouteMapperServics (init:44): Load controller complete! total: 10
19/12/2023 10:45:35.003 INFO  [main] com.zaxxer.hikari.HikariDataSource (<init>:80): db_oracle_e_ktt_test - Starting...
19/12/2023 10:45:35.447 INFO  [main] com.zaxxer.hikari.HikariDataSource (<init>:82): db_oracle_e_ktt_test - Start completed.
19/12/2023 10:45:35.447 INFO  [main] com.zaxxer.hikari.HikariDataSource (<init>:80): db_oracle_e_ktt_dev - Starting...
19/12/2023 10:45:35.493 INFO  [main] com.zaxxer.hikari.HikariDataSource (<init>:82): db_oracle_e_ktt_dev - Start completed.
19/12/2023 10:45:35.996 INFO  [main] o.s.s.web.DefaultSecurityFilterChain (<init>:55): Will secure any request with [org.springframework.security.web.session.DisableEncodeUrlFilter@577bf0aa, org.springframework.security.web.context.request.async.WebAsyncManagerIntegrationFilter@7455dacb, org.springframework.security.web.context.SecurityContextPersistenceFilter@4ef4f627, org.springframework.security.web.header.HeaderWriterFilter@2d258eff, org.springframework.security.web.authentication.logout.LogoutFilter@40bf4386, com.klkt.klktkotlin.webapi.auth.config.JwtAuthenticationFilter@529c2a9a, org.springframework.security.web.savedrequest.RequestCacheAwareFilter@32227215, org.springframework.security.web.servletapi.SecurityContextHolderAwareRequestFilter@79a201cf, org.springframework.security.web.authentication.AnonymousAuthenticationFilter@7634f2b, org.springframework.security.web.session.SessionManagementFilter@7fe07361, org.springframework.security.web.access.ExceptionTranslationFilter@63fd4dda, org.springframework.security.web.access.intercept.AuthorizationFilter@31acfd4e]
19/12/2023 10:45:36.000 WARN  [main] o.s.b.w.s.c.AnnotationConfigServletWebServerApplicationContext (refresh:591): Exception encountered during context initialization - cancelling refresh attempt: org.springframework.beans.factory.BeanCreationException: Error creating bean with name 'springSecurityFilterChain' defined in class path resource [org/springframework/security/config/annotation/web/configuration/WebSecurityConfiguration.class]: Bean instantiation via factory method failed; nested exception is org.springframework.beans.BeanInstantiationException: Failed to instantiate [javax.servlet.Filter]: Factory method 'springSecurityFilterChain' threw exception; nested exception is java.lang.IllegalStateException: Found WebSecurityConfigurerAdapter as well as SecurityFilterChain. Please select just one.
19/12/2023 10:45:36.003 INFO  [main] o.a.catalina.core.StandardService (log:173): Stopping service [Tomcat]
19/12/2023 10:45:36.013 INFO  [main] o.s.b.a.l.ConditionEvaluationReportLoggingListener (logMessage:136): 

Error starting ApplicationContext. To display the conditions report re-run your application with 'debug' enabled.
19/12/2023 10:45:36.033 ERROR [main] o.s.boot.SpringApplication (reportFailure:818): Application run failed
org.springframework.beans.factory.BeanCreationException: Error creating bean with name 'springSecurityFilterChain' defined in class path resource [org/springframework/security/config/annotation/web/configuration/WebSecurityConfiguration.class]: Bean instantiation via factory method failed; nested exception is org.springframework.beans.BeanInstantiationException: Failed to instantiate [javax.servlet.Filter]: Factory method 'springSecurityFilterChain' threw exception; nested exception is java.lang.IllegalStateException: Found WebSecurityConfigurerAdapter as well as SecurityFilterChain. Please select just one.
	at org.springframework.beans.factory.support.ConstructorResolver.instantiate(ConstructorResolver.java:653)
	at org.springframework.beans.factory.support.ConstructorResolver.instantiateUsingFactoryMethod(ConstructorResolver.java:481)
	at org.springframework.beans.factory.support.AbstractAutowireCapableBeanFactory.instantiateUsingFactoryMethod(AbstractAutowireCapableBeanFactory.java:1352)
	at org.springframework.beans.factory.support.AbstractAutowireCapableBeanFactory.createBeanInstance(AbstractAutowireCapableBeanFactory.java:1195)
	at org.springframework.beans.factory.support.AbstractAutowireCapableBeanFactory.doCreateBean(AbstractAutowireCapableBeanFactory.java:582)
	at org.springframework.beans.factory.support.AbstractAutowireCapableBeanFactory.createBean(AbstractAutowireCapableBeanFactory.java:542)
	at org.springframework.beans.factory.support.AbstractBeanFactory.lambda$doGetBean$0(AbstractBeanFactory.java:335)
	at org.springframework.beans.factory.support.DefaultSingletonBeanRegistry.getSingleton(DefaultSingletonBeanRegistry.java:234)
	at org.springframework.beans.factory.support.AbstractBeanFactory.doGetBean(AbstractBeanFactory.java:333)
	at org.springframework.beans.factory.support.AbstractBeanFactory.getBean(AbstractBeanFactory.java:208)
	at org.springframework.beans.factory.support.AbstractBeanFactory.doGetBean(AbstractBeanFactory.java:322)
	at org.springframework.beans.factory.support.AbstractBeanFactory.getBean(AbstractBeanFactory.java:208)
	at org.springframework.beans.factory.support.DefaultListableBeanFactory.preInstantiateSingletons(DefaultListableBeanFactory.java:955)
	at org.springframework.context.support.AbstractApplicationContext.finishBeanFactoryInitialization(AbstractApplicationContext.java:921)
	at org.springframework.context.support.AbstractApplicationContext.refresh(AbstractApplicationContext.java:583)
	at org.springframework.boot.web.servlet.context.ServletWebServerApplicationContext.refresh(ServletWebServerApplicationContext.java:147)
	at org.springframework.boot.SpringApplication.refresh(SpringApplication.java:732)
	at org.springframework.boot.SpringApplication.refreshContext(SpringApplication.java:409)
	at org.springframework.boot.SpringApplication.run(SpringApplication.java:308)
	at org.springframework.boot.SpringApplication.run(SpringApplication.java:1300)
	at org.springframework.boot.SpringApplication.run(SpringApplication.java:1289)
	at com.klkt.klktkotlin.KlktkotlinApplication$Companion.main(KlktkotlinApplication.kt:50)
	at com.klkt.klktkotlin.KlktkotlinApplication.main(KlktkotlinApplication.kt)
Caused by: org.springframework.beans.BeanInstantiationException: Failed to instantiate [javax.servlet.Filter]: Factory method 'springSecurityFilterChain' threw exception; nested exception is java.lang.IllegalStateException: Found WebSecurityConfigurerAdapter as well as SecurityFilterChain. Please select just one.
	at org.springframework.beans.factory.support.SimpleInstantiationStrategy.instantiate(SimpleInstantiationStrategy.java:185)
	at org.springframework.beans.factory.support.ConstructorResolver.instantiate(ConstructorResolver.java:648)
	... 22 common frames omitted
Caused by: java.lang.IllegalStateException: Found WebSecurityConfigurerAdapter as well as SecurityFilterChain. Please select just one.
	at org.springframework.util.Assert.state(Assert.java:76)
	at org.springframework.security.config.annotation.web.configuration.WebSecurityConfiguration.springSecurityFilterChain(WebSecurityConfiguration.java:105)
	at sun.reflect.NativeMethodAccessorImpl.invoke0(Native Method)
	at sun.reflect.NativeMethodAccessorImpl.invoke(NativeMethodAccessorImpl.java:62)
	at sun.reflect.DelegatingMethodAccessorImpl.invoke(DelegatingMethodAccessorImpl.java:43)
	at java.lang.reflect.Method.invoke(Method.java:498)
	at org.springframework.beans.factory.support.SimpleInstantiationStrategy.instantiate(SimpleInstantiationStrategy.java:154)
	... 23 common frames omitted
19/12/2023 10:46:33.123 WARN  [main] o.s.b.l.logback.LogbackLoggingSystem (initialize:136): Ignoring 'logback.configurationFile' system property. Please use 'logging.config' instead.
19/12/2023 10:46:33.165 INFO  [main] c.k.k.KlktkotlinApplication$Companion (logStarting:55): Starting KlktkotlinApplication.Companion using Java 1.8.0_202 on DESKTOP-K4TI3L5 with PID 22504 (E:\Projects\KLKT\klktkotlin\build\classes\kotlin\main started by giangtd-pc in E:\Projects\KLKT\klktkotlin)
19/12/2023 10:46:33.166 INFO  [main] c.k.k.KlktkotlinApplication$Companion (logStartupProfileInfo:632): No active profile set, falling back to 1 default profile: "default"
19/12/2023 10:46:34.204 INFO  [main] o.s.b.w.e.tomcat.TomcatWebServer (initialize:108): Tomcat initialized with port(s): 8088 (http)
19/12/2023 10:46:34.209 INFO  [main] o.a.coyote.http11.Http11NioProtocol (log:173): Initializing ProtocolHandler ["http-nio-8088"]
19/12/2023 10:46:34.211 INFO  [main] o.a.catalina.core.StandardService (log:173): Starting service [Tomcat]
19/12/2023 10:46:34.212 INFO  [main] o.a.catalina.core.StandardEngine (log:173): Starting Servlet engine: [Apache Tomcat/9.0.82]
19/12/2023 10:46:34.359 INFO  [main] o.a.c.c.C.[Tomcat].[localhost].[/] (log:173): Initializing Spring embedded WebApplicationContext
19/12/2023 10:46:34.360 INFO  [main] o.s.b.w.s.c.ServletWebServerApplicationContext (prepareWebApplicationContext:292): Root WebApplicationContext: initialization completed in 1157 ms
19/12/2023 10:46:34.745 INFO  [main] c.k.k.a.service.RouteMapperServics (init:40): =======>path: [error] /error
19/12/2023 10:46:34.746 INFO  [main] c.k.k.a.service.RouteMapperServics (init:40): =======>path: [getData] /v1/dvc/get
19/12/2023 10:46:34.746 INFO  [main] c.k.k.a.service.RouteMapperServics (init:40): =======>path: [uiConfiguration] /swagger-resources/configuration/ui
19/12/2023 10:46:34.746 INFO  [main] c.k.k.a.service.RouteMapperServics (init:40): =======>path: [swaggerResources] /swagger-resources
19/12/2023 10:46:34.746 INFO  [main] c.k.k.a.service.RouteMapperServics (init:40): =======>path: [getDocumentation] /v2/api-docs
19/12/2023 10:46:34.746 INFO  [main] c.k.k.a.service.RouteMapperServics (init:40): =======>path: [errorHtml] /error
19/12/2023 10:46:34.747 INFO  [main] c.k.k.a.service.RouteMapperServics (init:40): =======>path: [refreshAccessToken] /api/auth/refresh
19/12/2023 10:46:34.747 INFO  [main] c.k.k.a.service.RouteMapperServics (init:40): =======>path: [getDocumentation] /v3/api-docs
19/12/2023 10:46:34.747 INFO  [main] c.k.k.a.service.RouteMapperServics (init:40): =======>path: [getDataTest] /v1/dvc/get-test
19/12/2023 10:46:34.747 INFO  [main] c.k.k.a.service.RouteMapperServics (init:40): =======>path: [securityConfiguration] /swagger-resources/configuration/security
19/12/2023 10:46:34.747 INFO  [main] c.k.k.a.service.RouteMapperServics (init:40): =======>path: [authenticate] /api/auth
19/12/2023 10:46:34.747 INFO  [main] c.k.k.a.service.RouteMapperServics (reload:63): Add permit router. id: 0 > /v2/api-docs
19/12/2023 10:46:34.747 INFO  [main] c.k.k.a.service.RouteMapperServics (reload:63): Add permit router. id: 0 > /error
19/12/2023 10:46:34.748 INFO  [main] c.k.k.a.service.RouteMapperServics (reload:63): Add permit router. id: 0 > /api/auth
19/12/2023 10:46:34.748 INFO  [main] c.k.k.a.service.RouteMapperServics (reload:63): Add permit router. id: 0 > /api/auth/refresh
19/12/2023 10:46:34.749 INFO  [main] c.k.k.a.service.RouteMapperServics (reload:63): Add permit router. id: 0 > /swagger-resources/configuration/ui
19/12/2023 10:46:34.749 INFO  [main] c.k.k.a.service.RouteMapperServics (reload:63): Add permit router. id: 0 > /swagger-resources/configuration/security
19/12/2023 10:46:34.749 INFO  [main] c.k.k.a.service.RouteMapperServics (reload:63): Add permit router. id: 0 > /v3/api-docs
19/12/2023 10:46:34.749 INFO  [main] c.k.k.a.service.RouteMapperServics (reload:63): Add permit router. id: 0 > /swagger-resources
19/12/2023 10:46:34.749 INFO  [main] c.k.k.a.service.RouteMapperServics (reload:63): Add permit router. id: 0 > /v1/dvc/get
19/12/2023 10:46:34.749 INFO  [main] c.k.k.a.service.RouteMapperServics (reload:63): Add permit router. id: 0 > /v1/dvc/get-test
19/12/2023 10:46:34.750 INFO  [main] c.k.k.a.service.RouteMapperServics (init:44): Load controller complete! total: 10
19/12/2023 10:46:35.084 INFO  [main] com.zaxxer.hikari.HikariDataSource (<init>:80): db_oracle_e_ktt_test - Starting...
19/12/2023 10:46:35.472 INFO  [main] com.zaxxer.hikari.HikariDataSource (<init>:82): db_oracle_e_ktt_test - Start completed.
19/12/2023 10:46:35.472 INFO  [main] com.zaxxer.hikari.HikariDataSource (<init>:80): db_oracle_e_ktt_dev - Starting...
19/12/2023 10:46:35.518 INFO  [main] com.zaxxer.hikari.HikariDataSource (<init>:82): db_oracle_e_ktt_dev - Start completed.
19/12/2023 10:46:35.874 INFO  [main] o.s.s.web.DefaultSecurityFilterChain (<init>:55): Will secure any request with [org.springframework.security.web.session.DisableEncodeUrlFilter@63f6bed1, org.springframework.security.web.context.request.async.WebAsyncManagerIntegrationFilter@7ef8eda7, org.springframework.security.web.context.SecurityContextPersistenceFilter@d88f893, org.springframework.security.web.header.HeaderWriterFilter@e91b4f4, org.springframework.security.web.authentication.logout.LogoutFilter@4214ae8f, com.klkt.klktkotlin.webapi.auth.config.JwtAuthenticationFilter@17c2d509, org.springframework.security.web.savedrequest.RequestCacheAwareFilter@48eaf42f, org.springframework.security.web.servletapi.SecurityContextHolderAwareRequestFilter@554188ac, org.springframework.security.web.authentication.AnonymousAuthenticationFilter@115ca7de, org.springframework.security.web.session.SessionManagementFilter@4215e133, org.springframework.security.web.access.ExceptionTranslationFilter@1378eea2, org.springframework.security.web.access.intercept.AuthorizationFilter@3443e476]
19/12/2023 10:46:35.970 INFO  [main] o.a.coyote.http11.Http11NioProtocol (log:173): Starting ProtocolHandler ["http-nio-8088"]
19/12/2023 10:46:35.980 INFO  [main] o.s.b.w.e.tomcat.TomcatWebServer (start:220): Tomcat started on port(s): 8088 (http) with context path ''
19/12/2023 10:46:36.125 INFO  [main] c.k.k.KlktkotlinApplication$Companion (logStarted:61): Started KlktkotlinApplication.Companion in 3.279 seconds (JVM running for 3.925)
19/12/2023 10:46:36.127 INFO  [main] c.k.klktkotlin.KlktkotlinApplication (main:40): HELLO MR.KHOAI!
19/12/2023 10:46:36.128 INFO  [main] c.k.klktkotlin.KlktkotlinApplication (main:42): Active profiles: []
19/12/2023 10:46:43.017 INFO  [http-nio-8088-exec-1] o.a.c.c.C.[Tomcat].[localhost].[/] (log:173): Initializing Spring DispatcherServlet 'dispatcherServlet'
19/12/2023 10:46:43.017 INFO  [http-nio-8088-exec-1] o.s.web.servlet.DispatcherServlet (initServletBean:525): Initializing Servlet 'dispatcherServlet'
19/12/2023 10:46:43.018 INFO  [http-nio-8088-exec-1] o.s.web.servlet.DispatcherServlet (initServletBean:547): Completed initialization in 1 ms
19/12/2023 10:46:43.134 ERROR [http-nio-8088-exec-1] o.a.c.c.C.[.[.[.[dispatcherServlet] (log:175): Servlet.service() for servlet [dispatcherServlet] in context with path [] threw exception
io.jsonwebtoken.ExpiredJwtException: JWT expired 40674130 milliseconds ago at 2023-12-18T16:28:49.000Z. Current time: 2023-12-19T03:46:43.130Z. Allowed clock skew: 0 milliseconds.
	at io.jsonwebtoken.impl.DefaultJwtParser.parse(DefaultJwtParser.java:682)
	at io.jsonwebtoken.impl.DefaultJwtParser.parse(DefaultJwtParser.java:362)
	at io.jsonwebtoken.impl.DefaultJwtParser.parse(DefaultJwtParser.java:94)
	at io.jsonwebtoken.impl.io.AbstractParser.parse(AbstractParser.java:36)
	at io.jsonwebtoken.impl.io.AbstractParser.parse(AbstractParser.java:29)
	at io.jsonwebtoken.impl.DefaultJwtParser.parseSignedClaims(DefaultJwtParser.java:821)
	at com.klkt.klktkotlin.webapi.auth.service.TokenService.getAllClaims(TokenService.kt:53)
	at com.klkt.klktkotlin.webapi.auth.service.TokenService.extractUsername(TokenService.kt:39)
	at com.klkt.klktkotlin.webapi.auth.config.JwtAuthenticationFilter.doFilterInternal(JwtAuthenticationFilter.kt:33)
	at org.springframework.web.filter.OncePerRequestFilter.doFilter(OncePerRequestFilter.java:117)
	at org.springframework.security.web.FilterChainProxy$VirtualFilterChain.doFilter(FilterChainProxy.java:346)
	at org.springframework.security.web.authentication.logout.LogoutFilter.doFilter(LogoutFilter.java:103)
	at org.springframework.security.web.authentication.logout.LogoutFilter.doFilter(LogoutFilter.java:89)
	at org.springframework.security.web.FilterChainProxy$VirtualFilterChain.doFilter(FilterChainProxy.java:346)
	at org.springframework.security.web.header.HeaderWriterFilter.doHeadersAfter(HeaderWriterFilter.java:90)
	at org.springframework.security.web.header.HeaderWriterFilter.doFilterInternal(HeaderWriterFilter.java:75)
	at org.springframework.web.filter.OncePerRequestFilter.doFilter(OncePerRequestFilter.java:117)
	at org.springframework.security.web.FilterChainProxy$VirtualFilterChain.doFilter(FilterChainProxy.java:346)
	at org.springframework.security.web.context.SecurityContextPersistenceFilter.doFilter(SecurityContextPersistenceFilter.java:112)
	at org.springframework.security.web.context.SecurityContextPersistenceFilter.doFilter(SecurityContextPersistenceFilter.java:82)
	at org.springframework.security.web.FilterChainProxy$VirtualFilterChain.doFilter(FilterChainProxy.java:346)
	at org.springframework.security.web.context.request.async.WebAsyncManagerIntegrationFilter.doFilterInternal(WebAsyncManagerIntegrationFilter.java:55)
	at org.springframework.web.filter.OncePerRequestFilter.doFilter(OncePerRequestFilter.java:117)
	at org.springframework.security.web.FilterChainProxy$VirtualFilterChain.doFilter(FilterChainProxy.java:346)
	at org.springframework.security.web.session.DisableEncodeUrlFilter.doFilterInternal(DisableEncodeUrlFilter.java:42)
	at org.springframework.web.filter.OncePerRequestFilter.doFilter(OncePerRequestFilter.java:117)
	at org.springframework.security.web.FilterChainProxy$VirtualFilterChain.doFilter(FilterChainProxy.java:346)
	at org.springframework.security.web.FilterChainProxy.doFilterInternal(FilterChainProxy.java:221)
	at org.springframework.security.web.FilterChainProxy.doFilter(FilterChainProxy.java:186)
	at org.springframework.web.filter.DelegatingFilterProxy.invokeDelegate(DelegatingFilterProxy.java:354)
	at org.springframework.web.filter.DelegatingFilterProxy.doFilter(DelegatingFilterProxy.java:267)
	at org.apache.catalina.core.ApplicationFilterChain.internalDoFilter(ApplicationFilterChain.java:178)
	at org.apache.catalina.core.ApplicationFilterChain.doFilter(ApplicationFilterChain.java:153)
	at org.springframework.web.filter.CharacterEncodingFilter.doFilterInternal(CharacterEncodingFilter.java:201)
	at org.springframework.web.filter.OncePerRequestFilter.doFilter(OncePerRequestFilter.java:117)
	at org.apache.catalina.core.ApplicationFilterChain.internalDoFilter(ApplicationFilterChain.java:178)
	at org.apache.catalina.core.ApplicationFilterChain.doFilter(ApplicationFilterChain.java:153)
	at org.apache.catalina.core.StandardWrapperValve.invoke(StandardWrapperValve.java:168)
	at org.apache.catalina.core.StandardContextValve.invoke(StandardContextValve.java:90)
	at org.apache.catalina.authenticator.AuthenticatorBase.invoke(AuthenticatorBase.java:481)
	at org.apache.catalina.core.StandardHostValve.invoke(StandardHostValve.java:130)
	at org.apache.catalina.valves.ErrorReportValve.invoke(ErrorReportValve.java:93)
	at org.apache.catalina.core.StandardEngineValve.invoke(StandardEngineValve.java:74)
	at org.apache.catalina.connector.CoyoteAdapter.service(CoyoteAdapter.java:342)
	at org.apache.coyote.http11.Http11Processor.service(Http11Processor.java:390)
	at org.apache.coyote.AbstractProcessorLight.process(AbstractProcessorLight.java:63)
	at org.apache.coyote.AbstractProtocol$ConnectionHandler.process(AbstractProtocol.java:928)
	at org.apache.tomcat.util.net.NioEndpoint$SocketProcessor.doRun(NioEndpoint.java:1794)
	at org.apache.tomcat.util.net.SocketProcessorBase.run(SocketProcessorBase.java:52)
	at org.apache.tomcat.util.threads.ThreadPoolExecutor.runWorker(ThreadPoolExecutor.java:1191)
	at org.apache.tomcat.util.threads.ThreadPoolExecutor$Worker.run(ThreadPoolExecutor.java:659)
	at org.apache.tomcat.util.threads.TaskThread$WrappingRunnable.run(TaskThread.java:61)
	at java.lang.Thread.run(Thread.java:748)
19/12/2023 10:47:16.860 ERROR [http-nio-8088-exec-5] o.a.c.c.C.[.[.[.[dispatcherServlet] (log:175): Servlet.service() for servlet [dispatcherServlet] in context with path [] threw exception
io.jsonwebtoken.ExpiredJwtException: JWT expired 40966859 milliseconds ago at 2023-12-18T16:24:30.000Z. Current time: 2023-12-19T03:47:16.859Z. Allowed clock skew: 0 milliseconds.
	at io.jsonwebtoken.impl.DefaultJwtParser.parse(DefaultJwtParser.java:682)
	at io.jsonwebtoken.impl.DefaultJwtParser.parse(DefaultJwtParser.java:362)
	at io.jsonwebtoken.impl.DefaultJwtParser.parse(DefaultJwtParser.java:94)
	at io.jsonwebtoken.impl.io.AbstractParser.parse(AbstractParser.java:36)
	at io.jsonwebtoken.impl.io.AbstractParser.parse(AbstractParser.java:29)
	at io.jsonwebtoken.impl.DefaultJwtParser.parseSignedClaims(DefaultJwtParser.java:821)
	at com.klkt.klktkotlin.webapi.auth.service.TokenService.getAllClaims(TokenService.kt:53)
	at com.klkt.klktkotlin.webapi.auth.service.TokenService.extractUsername(TokenService.kt:39)
	at com.klkt.klktkotlin.webapi.auth.config.JwtAuthenticationFilter.doFilterInternal(JwtAuthenticationFilter.kt:33)
	at org.springframework.web.filter.OncePerRequestFilter.doFilter(OncePerRequestFilter.java:117)
	at org.springframework.security.web.FilterChainProxy$VirtualFilterChain.doFilter(FilterChainProxy.java:346)
	at org.springframework.security.web.authentication.logout.LogoutFilter.doFilter(LogoutFilter.java:103)
	at org.springframework.security.web.authentication.logout.LogoutFilter.doFilter(LogoutFilter.java:89)
	at org.springframework.security.web.FilterChainProxy$VirtualFilterChain.doFilter(FilterChainProxy.java:346)
	at org.springframework.security.web.header.HeaderWriterFilter.doHeadersAfter(HeaderWriterFilter.java:90)
	at org.springframework.security.web.header.HeaderWriterFilter.doFilterInternal(HeaderWriterFilter.java:75)
	at org.springframework.web.filter.OncePerRequestFilter.doFilter(OncePerRequestFilter.java:117)
	at org.springframework.security.web.FilterChainProxy$VirtualFilterChain.doFilter(FilterChainProxy.java:346)
	at org.springframework.security.web.context.SecurityContextPersistenceFilter.doFilter(SecurityContextPersistenceFilter.java:112)
	at org.springframework.security.web.context.SecurityContextPersistenceFilter.doFilter(SecurityContextPersistenceFilter.java:82)
	at org.springframework.security.web.FilterChainProxy$VirtualFilterChain.doFilter(FilterChainProxy.java:346)
	at org.springframework.security.web.context.request.async.WebAsyncManagerIntegrationFilter.doFilterInternal(WebAsyncManagerIntegrationFilter.java:55)
	at org.springframework.web.filter.OncePerRequestFilter.doFilter(OncePerRequestFilter.java:117)
	at org.springframework.security.web.FilterChainProxy$VirtualFilterChain.doFilter(FilterChainProxy.java:346)
	at org.springframework.security.web.session.DisableEncodeUrlFilter.doFilterInternal(DisableEncodeUrlFilter.java:42)
	at org.springframework.web.filter.OncePerRequestFilter.doFilter(OncePerRequestFilter.java:117)
	at org.springframework.security.web.FilterChainProxy$VirtualFilterChain.doFilter(FilterChainProxy.java:346)
	at org.springframework.security.web.FilterChainProxy.doFilterInternal(FilterChainProxy.java:221)
	at org.springframework.security.web.FilterChainProxy.doFilter(FilterChainProxy.java:186)
	at org.springframework.web.filter.DelegatingFilterProxy.invokeDelegate(DelegatingFilterProxy.java:354)
	at org.springframework.web.filter.DelegatingFilterProxy.doFilter(DelegatingFilterProxy.java:267)
	at org.apache.catalina.core.ApplicationFilterChain.internalDoFilter(ApplicationFilterChain.java:178)
	at org.apache.catalina.core.ApplicationFilterChain.doFilter(ApplicationFilterChain.java:153)
	at org.springframework.web.filter.CharacterEncodingFilter.doFilterInternal(CharacterEncodingFilter.java:201)
	at org.springframework.web.filter.OncePerRequestFilter.doFilter(OncePerRequestFilter.java:117)
	at org.apache.catalina.core.ApplicationFilterChain.internalDoFilter(ApplicationFilterChain.java:178)
	at org.apache.catalina.core.ApplicationFilterChain.doFilter(ApplicationFilterChain.java:153)
	at org.apache.catalina.core.StandardWrapperValve.invoke(StandardWrapperValve.java:168)
	at org.apache.catalina.core.StandardContextValve.invoke(StandardContextValve.java:90)
	at org.apache.catalina.authenticator.AuthenticatorBase.invoke(AuthenticatorBase.java:481)
	at org.apache.catalina.core.StandardHostValve.invoke(StandardHostValve.java:130)
	at org.apache.catalina.valves.ErrorReportValve.invoke(ErrorReportValve.java:93)
	at org.apache.catalina.core.StandardEngineValve.invoke(StandardEngineValve.java:74)
	at org.apache.catalina.connector.CoyoteAdapter.service(CoyoteAdapter.java:342)
	at org.apache.coyote.http11.Http11Processor.service(Http11Processor.java:390)
	at org.apache.coyote.AbstractProcessorLight.process(AbstractProcessorLight.java:63)
	at org.apache.coyote.AbstractProtocol$ConnectionHandler.process(AbstractProtocol.java:928)
	at org.apache.tomcat.util.net.NioEndpoint$SocketProcessor.doRun(NioEndpoint.java:1794)
	at org.apache.tomcat.util.net.SocketProcessorBase.run(SocketProcessorBase.java:52)
	at org.apache.tomcat.util.threads.ThreadPoolExecutor.runWorker(ThreadPoolExecutor.java:1191)
	at org.apache.tomcat.util.threads.ThreadPoolExecutor$Worker.run(ThreadPoolExecutor.java:659)
	at org.apache.tomcat.util.threads.TaskThread$WrappingRunnable.run(TaskThread.java:61)
	at java.lang.Thread.run(Thread.java:748)
19/12/2023 10:47:26.093 INFO  [http-nio-8088-exec-6] c.k.k.authen.security.AuthenFilter (doFilterInternal:83): Denied access. ip: 0:0:0:0:0:0:0:1 - uri: /api/auth
19/12/2023 10:47:44.330 INFO  [http-nio-8088-exec-7] c.k.k.authen.security.AuthenFilter (doFilterInternal:83): Denied access. ip: 0:0:0:0:0:0:0:1 - uri: /api/auth
19/12/2023 10:49:03.943 WARN  [main] o.s.b.l.logback.LogbackLoggingSystem (initialize:136): Ignoring 'logback.configurationFile' system property. Please use 'logging.config' instead.
19/12/2023 10:49:04.016 INFO  [main] c.k.k.KlktkotlinApplication$Companion (logStarting:55): Starting KlktkotlinApplication.Companion using Java 1.8.0_202 on DESKTOP-K4TI3L5 with PID 11364 (E:\Projects\KLKT\klktkotlin\build\classes\kotlin\main started by giangtd-pc in E:\Projects\KLKT\klktkotlin)
19/12/2023 10:49:04.017 INFO  [main] c.k.k.KlktkotlinApplication$Companion (logStartupProfileInfo:632): No active profile set, falling back to 1 default profile: "default"
19/12/2023 10:49:05.099 INFO  [main] o.s.b.w.e.tomcat.TomcatWebServer (initialize:108): Tomcat initialized with port(s): 8088 (http)
19/12/2023 10:49:05.106 INFO  [main] o.a.coyote.http11.Http11NioProtocol (log:173): Initializing ProtocolHandler ["http-nio-8088"]
19/12/2023 10:49:05.108 INFO  [main] o.a.catalina.core.StandardService (log:173): Starting service [Tomcat]
19/12/2023 10:49:05.109 INFO  [main] o.a.catalina.core.StandardEngine (log:173): Starting Servlet engine: [Apache Tomcat/9.0.82]
19/12/2023 10:49:05.290 INFO  [main] o.a.c.c.C.[Tomcat].[localhost].[/] (log:173): Initializing Spring embedded WebApplicationContext
19/12/2023 10:49:05.290 INFO  [main] o.s.b.w.s.c.ServletWebServerApplicationContext (prepareWebApplicationContext:292): Root WebApplicationContext: initialization completed in 1225 ms
19/12/2023 10:49:05.689 INFO  [main] com.zaxxer.hikari.HikariDataSource (<init>:80): db_oracle_e_ktt_test - Starting...
19/12/2023 10:49:06.099 INFO  [main] com.zaxxer.hikari.HikariDataSource (<init>:82): db_oracle_e_ktt_test - Start completed.
19/12/2023 10:49:06.100 INFO  [main] com.zaxxer.hikari.HikariDataSource (<init>:80): db_oracle_e_ktt_dev - Starting...
19/12/2023 10:49:06.146 INFO  [main] com.zaxxer.hikari.HikariDataSource (<init>:82): db_oracle_e_ktt_dev - Start completed.
19/12/2023 10:49:06.747 INFO  [main] o.s.s.web.DefaultSecurityFilterChain (<init>:55): Will secure any request with [org.springframework.security.web.session.DisableEncodeUrlFilter@429aeac1, org.springframework.security.web.context.request.async.WebAsyncManagerIntegrationFilter@79eeff87, org.springframework.security.web.context.SecurityContextPersistenceFilter@39de9bda, org.springframework.security.web.header.HeaderWriterFilter@7f323b3a, org.springframework.security.web.authentication.logout.LogoutFilter@a7cf42f, com.klkt.klktkotlin.webapi.auth.config.JwtAuthenticationFilter@2cfa2c4f, org.springframework.security.web.savedrequest.RequestCacheAwareFilter@52226e57, org.springframework.security.web.servletapi.SecurityContextHolderAwareRequestFilter@6dee8ae6, org.springframework.security.web.authentication.AnonymousAuthenticationFilter@6b4fc2d1, org.springframework.security.web.session.SessionManagementFilter@1ff15a50, org.springframework.security.web.access.ExceptionTranslationFilter@16132f21, org.springframework.security.web.access.intercept.AuthorizationFilter@f25f48a]
19/12/2023 10:49:06.866 INFO  [main] o.a.coyote.http11.Http11NioProtocol (log:173): Starting ProtocolHandler ["http-nio-8088"]
19/12/2023 10:49:06.877 INFO  [main] o.s.b.w.e.tomcat.TomcatWebServer (start:220): Tomcat started on port(s): 8088 (http) with context path ''
19/12/2023 10:49:07.026 INFO  [main] c.k.k.KlktkotlinApplication$Companion (logStarted:61): Started KlktkotlinApplication.Companion in 3.495 seconds (JVM running for 4.324)
19/12/2023 10:49:07.029 INFO  [main] c.k.klktkotlin.KlktkotlinApplication (main:40): HELLO MR.KHOAI!
19/12/2023 10:49:07.029 INFO  [main] c.k.klktkotlin.KlktkotlinApplication (main:42): Active profiles: []
19/12/2023 10:49:14.521 INFO  [http-nio-8088-exec-2] o.a.c.c.C.[Tomcat].[localhost].[/] (log:173): Initializing Spring DispatcherServlet 'dispatcherServlet'
19/12/2023 10:49:14.522 INFO  [http-nio-8088-exec-2] o.s.web.servlet.DispatcherServlet (initServletBean:525): Initializing Servlet 'dispatcherServlet'
19/12/2023 10:49:14.523 INFO  [http-nio-8088-exec-2] o.s.web.servlet.DispatcherServlet (initServletBean:547): Completed initialization in 1 ms
19/12/2023 10:49:53.859 ERROR [http-nio-8088-exec-6] o.a.c.c.C.[.[.[.[dispatcherServlet] (log:175): Servlet.service() for servlet [dispatcherServlet] in context with path [] threw exception
io.jsonwebtoken.ExpiredJwtException: JWT expired 40864853 milliseconds ago at 2023-12-18T16:28:49.000Z. Current time: 2023-12-19T03:49:53.853Z. Allowed clock skew: 0 milliseconds.
	at io.jsonwebtoken.impl.DefaultJwtParser.parse(DefaultJwtParser.java:682)
	at io.jsonwebtoken.impl.DefaultJwtParser.parse(DefaultJwtParser.java:362)
	at io.jsonwebtoken.impl.DefaultJwtParser.parse(DefaultJwtParser.java:94)
	at io.jsonwebtoken.impl.io.AbstractParser.parse(AbstractParser.java:36)
	at io.jsonwebtoken.impl.io.AbstractParser.parse(AbstractParser.java:29)
	at io.jsonwebtoken.impl.DefaultJwtParser.parseSignedClaims(DefaultJwtParser.java:821)
	at com.klkt.klktkotlin.webapi.auth.service.TokenService.getAllClaims(TokenService.kt:53)
	at com.klkt.klktkotlin.webapi.auth.service.TokenService.extractUsername(TokenService.kt:39)
	at com.klkt.klktkotlin.webapi.auth.config.JwtAuthenticationFilter.doFilterInternal(JwtAuthenticationFilter.kt:33)
	at org.springframework.web.filter.OncePerRequestFilter.doFilter(OncePerRequestFilter.java:117)
	at org.springframework.security.web.FilterChainProxy$VirtualFilterChain.doFilter(FilterChainProxy.java:346)
	at org.springframework.security.web.authentication.logout.LogoutFilter.doFilter(LogoutFilter.java:103)
	at org.springframework.security.web.authentication.logout.LogoutFilter.doFilter(LogoutFilter.java:89)
	at org.springframework.security.web.FilterChainProxy$VirtualFilterChain.doFilter(FilterChainProxy.java:346)
	at org.springframework.security.web.header.HeaderWriterFilter.doHeadersAfter(HeaderWriterFilter.java:90)
	at org.springframework.security.web.header.HeaderWriterFilter.doFilterInternal(HeaderWriterFilter.java:75)
	at org.springframework.web.filter.OncePerRequestFilter.doFilter(OncePerRequestFilter.java:117)
	at org.springframework.security.web.FilterChainProxy$VirtualFilterChain.doFilter(FilterChainProxy.java:346)
	at org.springframework.security.web.context.SecurityContextPersistenceFilter.doFilter(SecurityContextPersistenceFilter.java:112)
	at org.springframework.security.web.context.SecurityContextPersistenceFilter.doFilter(SecurityContextPersistenceFilter.java:82)
	at org.springframework.security.web.FilterChainProxy$VirtualFilterChain.doFilter(FilterChainProxy.java:346)
	at org.springframework.security.web.context.request.async.WebAsyncManagerIntegrationFilter.doFilterInternal(WebAsyncManagerIntegrationFilter.java:55)
	at org.springframework.web.filter.OncePerRequestFilter.doFilter(OncePerRequestFilter.java:117)
	at org.springframework.security.web.FilterChainProxy$VirtualFilterChain.doFilter(FilterChainProxy.java:346)
	at org.springframework.security.web.session.DisableEncodeUrlFilter.doFilterInternal(DisableEncodeUrlFilter.java:42)
	at org.springframework.web.filter.OncePerRequestFilter.doFilter(OncePerRequestFilter.java:117)
	at org.springframework.security.web.FilterChainProxy$VirtualFilterChain.doFilter(FilterChainProxy.java:346)
	at org.springframework.security.web.FilterChainProxy.doFilterInternal(FilterChainProxy.java:221)
	at org.springframework.security.web.FilterChainProxy.doFilter(FilterChainProxy.java:186)
	at org.springframework.web.filter.DelegatingFilterProxy.invokeDelegate(DelegatingFilterProxy.java:354)
	at org.springframework.web.filter.DelegatingFilterProxy.doFilter(DelegatingFilterProxy.java:267)
	at org.apache.catalina.core.ApplicationFilterChain.internalDoFilter(ApplicationFilterChain.java:178)
	at org.apache.catalina.core.ApplicationFilterChain.doFilter(ApplicationFilterChain.java:153)
	at org.springframework.web.filter.CharacterEncodingFilter.doFilterInternal(CharacterEncodingFilter.java:201)
	at org.springframework.web.filter.OncePerRequestFilter.doFilter(OncePerRequestFilter.java:117)
	at org.apache.catalina.core.ApplicationFilterChain.internalDoFilter(ApplicationFilterChain.java:178)
	at org.apache.catalina.core.ApplicationFilterChain.doFilter(ApplicationFilterChain.java:153)
	at org.apache.catalina.core.StandardWrapperValve.invoke(StandardWrapperValve.java:168)
	at org.apache.catalina.core.StandardContextValve.invoke(StandardContextValve.java:90)
	at org.apache.catalina.authenticator.AuthenticatorBase.invoke(AuthenticatorBase.java:481)
	at org.apache.catalina.core.StandardHostValve.invoke(StandardHostValve.java:130)
	at org.apache.catalina.valves.ErrorReportValve.invoke(ErrorReportValve.java:93)
	at org.apache.catalina.core.StandardEngineValve.invoke(StandardEngineValve.java:74)
	at org.apache.catalina.connector.CoyoteAdapter.service(CoyoteAdapter.java:342)
	at org.apache.coyote.http11.Http11Processor.service(Http11Processor.java:390)
	at org.apache.coyote.AbstractProcessorLight.process(AbstractProcessorLight.java:63)
	at org.apache.coyote.AbstractProtocol$ConnectionHandler.process(AbstractProtocol.java:928)
	at org.apache.tomcat.util.net.NioEndpoint$SocketProcessor.doRun(NioEndpoint.java:1794)
	at org.apache.tomcat.util.net.SocketProcessorBase.run(SocketProcessorBase.java:52)
	at org.apache.tomcat.util.threads.ThreadPoolExecutor.runWorker(ThreadPoolExecutor.java:1191)
	at org.apache.tomcat.util.threads.ThreadPoolExecutor$Worker.run(ThreadPoolExecutor.java:659)
	at org.apache.tomcat.util.threads.TaskThread$WrappingRunnable.run(TaskThread.java:61)
	at java.lang.Thread.run(Thread.java:748)
19/12/2023 10:49:56.506 INFO  [http-nio-8088-exec-8] c.k.klktkotlin.webapi.DvcController (getData:41): objInput Dev: {"name":"Add your name in the body"}
19/12/2023 11:16:08.240 WARN  [main] o.s.b.l.logback.LogbackLoggingSystem (initialize:136): Ignoring 'logback.configurationFile' system property. Please use 'logging.config' instead.
19/12/2023 11:16:08.314 INFO  [main] c.k.k.KlktkotlinApplication$Companion (logStarting:55): Starting KlktkotlinApplication.Companion using Java 1.8.0_202 on DESKTOP-K4TI3L5 with PID 8184 (E:\Projects\KLKT\klktkotlin\build\classes\kotlin\main started by giangtd-pc in E:\Projects\KLKT\klktkotlin)
19/12/2023 11:16:08.315 INFO  [main] c.k.k.KlktkotlinApplication$Companion (logStartupProfileInfo:632): No active profile set, falling back to 1 default profile: "default"
19/12/2023 11:16:09.466 INFO  [main] o.s.b.w.e.tomcat.TomcatWebServer (initialize:108): Tomcat initialized with port(s): 8088 (http)
19/12/2023 11:16:09.471 INFO  [main] o.a.coyote.http11.Http11NioProtocol (log:173): Initializing ProtocolHandler ["http-nio-8088"]
19/12/2023 11:16:09.473 INFO  [main] o.a.catalina.core.StandardService (log:173): Starting service [Tomcat]
19/12/2023 11:16:09.473 INFO  [main] o.a.catalina.core.StandardEngine (log:173): Starting Servlet engine: [Apache Tomcat/9.0.82]
19/12/2023 11:16:09.655 INFO  [main] o.a.c.c.C.[Tomcat].[localhost].[/] (log:173): Initializing Spring embedded WebApplicationContext
19/12/2023 11:16:09.656 INFO  [main] o.s.b.w.s.c.ServletWebServerApplicationContext (prepareWebApplicationContext:292): Root WebApplicationContext: initialization completed in 1257 ms
19/12/2023 11:16:10.060 INFO  [main] com.zaxxer.hikari.HikariDataSource (<init>:80): db_oracle_e_ktt_test - Starting...
19/12/2023 11:16:10.516 INFO  [main] com.zaxxer.hikari.HikariDataSource (<init>:82): db_oracle_e_ktt_test - Start completed.
19/12/2023 11:16:10.516 INFO  [main] com.zaxxer.hikari.HikariDataSource (<init>:80): db_oracle_e_ktt_dev - Starting...
19/12/2023 11:16:10.571 INFO  [main] com.zaxxer.hikari.HikariDataSource (<init>:82): db_oracle_e_ktt_dev - Start completed.
19/12/2023 11:16:11.047 INFO  [main] o.s.s.web.DefaultSecurityFilterChain (<init>:55): Will secure any request with [org.springframework.security.web.session.DisableEncodeUrlFilter@b9d018b, org.springframework.security.web.context.request.async.WebAsyncManagerIntegrationFilter@429aeac1, org.springframework.security.web.context.SecurityContextPersistenceFilter@217c23ce, org.springframework.security.web.header.HeaderWriterFilter@70d77826, org.springframework.security.web.authentication.logout.LogoutFilter@51fc862e, com.klkt.klktkotlin.webapi.auth.config.JwtAuthenticationFilter@6c518474, org.springframework.security.web.savedrequest.RequestCacheAwareFilter@47148f3f, org.springframework.security.web.servletapi.SecurityContextHolderAwareRequestFilter@7d528cf7, org.springframework.security.web.authentication.AnonymousAuthenticationFilter@79eeff87, org.springframework.security.web.session.SessionManagementFilter@214beff9, org.springframework.security.web.access.ExceptionTranslationFilter@27e2287c, org.springframework.security.web.access.intercept.AuthorizationFilter@54336976]
19/12/2023 11:16:11.129 INFO  [main] o.a.coyote.http11.Http11NioProtocol (log:173): Starting ProtocolHandler ["http-nio-8088"]
19/12/2023 11:16:11.137 INFO  [main] o.s.b.w.e.tomcat.TomcatWebServer (start:220): Tomcat started on port(s): 8088 (http) with context path ''
19/12/2023 11:16:11.282 INFO  [main] c.k.k.KlktkotlinApplication$Companion (logStarted:61): Started KlktkotlinApplication.Companion in 3.48 seconds (JVM running for 4.248)
19/12/2023 11:16:11.284 INFO  [main] c.k.klktkotlin.KlktkotlinApplication (main:40): HELLO MR.KHOAI!
19/12/2023 11:16:11.284 INFO  [main] c.k.klktkotlin.KlktkotlinApplication (main:42): Active profiles: []
19/12/2023 11:16:23.018 INFO  [http-nio-8088-exec-3] o.a.c.c.C.[Tomcat].[localhost].[/] (log:173): Initializing Spring DispatcherServlet 'dispatcherServlet'
19/12/2023 11:16:23.019 INFO  [http-nio-8088-exec-3] o.s.web.servlet.DispatcherServlet (initServletBean:525): Initializing Servlet 'dispatcherServlet'
19/12/2023 11:16:23.019 INFO  [http-nio-8088-exec-3] o.s.web.servlet.DispatcherServlet (initServletBean:547): Completed initialization in 0 ms
19/12/2023 11:16:23.161 INFO  [http-nio-8088-exec-3] c.k.klktkotlin.webapi.DvcController (getData:41): objInput Dev: {"name":"Add your name in the body"}
19/12/2023 11:16:23.368 WARN  [http-nio-8088-exec-3] c.k.k.w.a.c.JwtAuthenticationFilter (makeErrorResponse:70): [INVALID REQUEST] response to client failed. {}
java.lang.IllegalStateException: getOutputStream() has already been called for this response
	at org.apache.catalina.connector.Response.getWriter(Response.java:572)
	at org.apache.catalina.connector.ResponseFacade.getWriter(ResponseFacade.java:189)
	at javax.servlet.ServletResponseWrapper.getWriter(ServletResponseWrapper.java:108)
	at javax.servlet.ServletResponseWrapper.getWriter(ServletResponseWrapper.java:108)
	at javax.servlet.ServletResponseWrapper.getWriter(ServletResponseWrapper.java:108)
	at org.springframework.security.web.util.OnCommittedResponseWrapper.getWriter(OnCommittedResponseWrapper.java:156)
	at com.klkt.klktkotlin.webapi.auth.config.JwtAuthenticationFilter.makeErrorResponse(JwtAuthenticationFilter.kt:68)
	at com.klkt.klktkotlin.webapi.auth.config.JwtAuthenticationFilter.doFilterInternal(JwtAuthenticationFilter.kt:46)
	at org.springframework.web.filter.OncePerRequestFilter.doFilter(OncePerRequestFilter.java:117)
	at org.springframework.security.web.FilterChainProxy$VirtualFilterChain.doFilter(FilterChainProxy.java:346)
	at org.springframework.security.web.authentication.logout.LogoutFilter.doFilter(LogoutFilter.java:103)
	at org.springframework.security.web.authentication.logout.LogoutFilter.doFilter(LogoutFilter.java:89)
	at org.springframework.security.web.FilterChainProxy$VirtualFilterChain.doFilter(FilterChainProxy.java:346)
	at org.springframework.security.web.header.HeaderWriterFilter.doHeadersAfter(HeaderWriterFilter.java:90)
	at org.springframework.security.web.header.HeaderWriterFilter.doFilterInternal(HeaderWriterFilter.java:75)
	at org.springframework.web.filter.OncePerRequestFilter.doFilter(OncePerRequestFilter.java:117)
	at org.springframework.security.web.FilterChainProxy$VirtualFilterChain.doFilter(FilterChainProxy.java:346)
	at org.springframework.security.web.context.SecurityContextPersistenceFilter.doFilter(SecurityContextPersistenceFilter.java:112)
	at org.springframework.security.web.context.SecurityContextPersistenceFilter.doFilter(SecurityContextPersistenceFilter.java:82)
	at org.springframework.security.web.FilterChainProxy$VirtualFilterChain.doFilter(FilterChainProxy.java:346)
	at org.springframework.security.web.context.request.async.WebAsyncManagerIntegrationFilter.doFilterInternal(WebAsyncManagerIntegrationFilter.java:55)
	at org.springframework.web.filter.OncePerRequestFilter.doFilter(OncePerRequestFilter.java:117)
	at org.springframework.security.web.FilterChainProxy$VirtualFilterChain.doFilter(FilterChainProxy.java:346)
	at org.springframework.security.web.session.DisableEncodeUrlFilter.doFilterInternal(DisableEncodeUrlFilter.java:42)
	at org.springframework.web.filter.OncePerRequestFilter.doFilter(OncePerRequestFilter.java:117)
	at org.springframework.security.web.FilterChainProxy$VirtualFilterChain.doFilter(FilterChainProxy.java:346)
	at org.springframework.security.web.FilterChainProxy.doFilterInternal(FilterChainProxy.java:221)
	at org.springframework.security.web.FilterChainProxy.doFilter(FilterChainProxy.java:186)
	at org.springframework.web.filter.DelegatingFilterProxy.invokeDelegate(DelegatingFilterProxy.java:354)
	at org.springframework.web.filter.DelegatingFilterProxy.doFilter(DelegatingFilterProxy.java:267)
	at org.apache.catalina.core.ApplicationFilterChain.internalDoFilter(ApplicationFilterChain.java:178)
	at org.apache.catalina.core.ApplicationFilterChain.doFilter(ApplicationFilterChain.java:153)
	at org.springframework.web.filter.CharacterEncodingFilter.doFilterInternal(CharacterEncodingFilter.java:201)
	at org.springframework.web.filter.OncePerRequestFilter.doFilter(OncePerRequestFilter.java:117)
	at org.apache.catalina.core.ApplicationFilterChain.internalDoFilter(ApplicationFilterChain.java:178)
	at org.apache.catalina.core.ApplicationFilterChain.doFilter(ApplicationFilterChain.java:153)
	at org.apache.catalina.core.StandardWrapperValve.invoke(StandardWrapperValve.java:168)
	at org.apache.catalina.core.StandardContextValve.invoke(StandardContextValve.java:90)
	at org.apache.catalina.authenticator.AuthenticatorBase.invoke(AuthenticatorBase.java:481)
	at org.apache.catalina.core.StandardHostValve.invoke(StandardHostValve.java:130)
	at org.apache.catalina.valves.ErrorReportValve.invoke(ErrorReportValve.java:93)
	at org.apache.catalina.core.StandardEngineValve.invoke(StandardEngineValve.java:74)
	at org.apache.catalina.connector.CoyoteAdapter.service(CoyoteAdapter.java:342)
	at org.apache.coyote.http11.Http11Processor.service(Http11Processor.java:390)
	at org.apache.coyote.AbstractProcessorLight.process(AbstractProcessorLight.java:63)
	at org.apache.coyote.AbstractProtocol$ConnectionHandler.process(AbstractProtocol.java:928)
	at org.apache.tomcat.util.net.NioEndpoint$SocketProcessor.doRun(NioEndpoint.java:1794)
	at org.apache.tomcat.util.net.SocketProcessorBase.run(SocketProcessorBase.java:52)
	at org.apache.tomcat.util.threads.ThreadPoolExecutor.runWorker(ThreadPoolExecutor.java:1191)
	at org.apache.tomcat.util.threads.ThreadPoolExecutor$Worker.run(ThreadPoolExecutor.java:659)
	at org.apache.tomcat.util.threads.TaskThread$WrappingRunnable.run(TaskThread.java:61)
	at java.lang.Thread.run(Thread.java:748)
19/12/2023 11:16:40.143 ERROR [http-nio-8088-exec-1] c.k.k.w.auth.service.TokenService (getAllClaims:67): Invalid JWT signature: JWT signature does not match locally computed signature. JWT validity cannot be asserted and should not be trusted.
19/12/2023 12:58:24.992 WARN  [main] o.s.b.l.logback.LogbackLoggingSystem (initialize:136): Ignoring 'logback.configurationFile' system property. Please use 'logging.config' instead.
19/12/2023 12:58:25.056 INFO  [main] c.k.k.KlktkotlinApplication$Companion (logStarting:55): Starting KlktkotlinApplication.Companion using Java 1.8.0_202 on DESKTOP-K4TI3L5 with PID 16080 (E:\Projects\KLKT\klktkotlin\build\classes\kotlin\main started by giangtd-pc in E:\Projects\KLKT\klktkotlin)
19/12/2023 12:58:25.057 INFO  [main] c.k.k.KlktkotlinApplication$Companion (logStartupProfileInfo:632): No active profile set, falling back to 1 default profile: "default"
19/12/2023 12:58:26.295 INFO  [main] o.s.b.w.e.tomcat.TomcatWebServer (initialize:108): Tomcat initialized with port(s): 8088 (http)
19/12/2023 12:58:26.300 INFO  [main] o.a.coyote.http11.Http11NioProtocol (log:173): Initializing ProtocolHandler ["http-nio-8088"]
19/12/2023 12:58:26.302 INFO  [main] o.a.catalina.core.StandardService (log:173): Starting service [Tomcat]
19/12/2023 12:58:26.302 INFO  [main] o.a.catalina.core.StandardEngine (log:173): Starting Servlet engine: [Apache Tomcat/9.0.82]
19/12/2023 12:58:26.497 INFO  [main] o.a.c.c.C.[Tomcat].[localhost].[/] (log:173): Initializing Spring embedded WebApplicationContext
19/12/2023 12:58:26.497 INFO  [main] o.s.b.w.s.c.ServletWebServerApplicationContext (prepareWebApplicationContext:292): Root WebApplicationContext: initialization completed in 1386 ms
19/12/2023 12:58:26.912 INFO  [main] com.zaxxer.hikari.HikariDataSource (<init>:80): db_oracle_e_ktt_test - Starting...
19/12/2023 12:58:27.402 INFO  [main] com.zaxxer.hikari.HikariDataSource (<init>:82): db_oracle_e_ktt_test - Start completed.
19/12/2023 12:58:27.404 INFO  [main] com.zaxxer.hikari.HikariDataSource (<init>:80): db_oracle_e_ktt_dev - Starting...
19/12/2023 12:58:27.455 INFO  [main] com.zaxxer.hikari.HikariDataSource (<init>:82): db_oracle_e_ktt_dev - Start completed.
19/12/2023 12:58:27.949 INFO  [main] o.s.s.web.DefaultSecurityFilterChain (<init>:55): Will secure any request with [org.springframework.security.web.session.DisableEncodeUrlFilter@b9d018b, org.springframework.security.web.context.request.async.WebAsyncManagerIntegrationFilter@429aeac1, org.springframework.security.web.context.SecurityContextPersistenceFilter@217c23ce, org.springframework.security.web.header.HeaderWriterFilter@70d77826, org.springframework.security.web.authentication.logout.LogoutFilter@51fc862e, com.klkt.klktkotlin.webapi.auth.config.JwtAuthenticationFilter@6c518474, org.springframework.security.web.savedrequest.RequestCacheAwareFilter@47148f3f, org.springframework.security.web.servletapi.SecurityContextHolderAwareRequestFilter@7d528cf7, org.springframework.security.web.authentication.AnonymousAuthenticationFilter@79eeff87, org.springframework.security.web.session.SessionManagementFilter@214beff9, org.springframework.security.web.access.ExceptionTranslationFilter@27e2287c, org.springframework.security.web.access.intercept.AuthorizationFilter@54336976]
19/12/2023 12:58:28.038 INFO  [main] o.a.coyote.http11.Http11NioProtocol (log:173): Starting ProtocolHandler ["http-nio-8088"]
19/12/2023 12:58:28.046 INFO  [main] o.s.b.w.e.tomcat.TomcatWebServer (start:220): Tomcat started on port(s): 8088 (http) with context path ''
19/12/2023 12:58:28.188 INFO  [main] c.k.k.KlktkotlinApplication$Companion (logStarted:61): Started KlktkotlinApplication.Companion in 3.588 seconds (JVM running for 4.468)
19/12/2023 12:58:28.190 INFO  [main] c.k.klktkotlin.KlktkotlinApplication (main:40): HELLO MR.KHOAI!
19/12/2023 12:58:28.190 INFO  [main] c.k.klktkotlin.KlktkotlinApplication (main:42): Active profiles: []
19/12/2023 12:58:31.962 INFO  [http-nio-8088-exec-1] o.a.c.c.C.[Tomcat].[localhost].[/] (log:173): Initializing Spring DispatcherServlet 'dispatcherServlet'
19/12/2023 12:58:31.963 INFO  [http-nio-8088-exec-1] o.s.web.servlet.DispatcherServlet (initServletBean:525): Initializing Servlet 'dispatcherServlet'
19/12/2023 12:58:31.965 INFO  [http-nio-8088-exec-1] o.s.web.servlet.DispatcherServlet (initServletBean:547): Completed initialization in 2 ms
19/12/2023 12:58:32.071 ERROR [http-nio-8088-exec-1] c.k.k.w.a.c.JwtAuthenticationFilter$Companion (doFilterInternal:55): Invalid JWT signature: JWT signature does not match locally computed signature. JWT validity cannot be asserted and should not be trusted.
19/12/2023 12:59:09.436 WARN  [main] o.s.b.l.logback.LogbackLoggingSystem (initialize:136): Ignoring 'logback.configurationFile' system property. Please use 'logging.config' instead.
19/12/2023 12:59:09.500 INFO  [main] c.k.k.KlktkotlinApplication$Companion (logStarting:55): Starting KlktkotlinApplication.Companion using Java 1.8.0_202 on DESKTOP-K4TI3L5 with PID 16172 (E:\Projects\KLKT\klktkotlin\build\classes\kotlin\main started by giangtd-pc in E:\Projects\KLKT\klktkotlin)
19/12/2023 12:59:09.501 INFO  [main] c.k.k.KlktkotlinApplication$Companion (logStartupProfileInfo:632): No active profile set, falling back to 1 default profile: "default"
19/12/2023 12:59:10.571 INFO  [main] o.s.b.w.e.tomcat.TomcatWebServer (initialize:108): Tomcat initialized with port(s): 8088 (http)
19/12/2023 12:59:10.579 INFO  [main] o.a.coyote.http11.Http11NioProtocol (log:173): Initializing ProtocolHandler ["http-nio-8088"]
19/12/2023 12:59:10.580 INFO  [main] o.a.catalina.core.StandardService (log:173): Starting service [Tomcat]
19/12/2023 12:59:10.582 INFO  [main] o.a.catalina.core.StandardEngine (log:173): Starting Servlet engine: [Apache Tomcat/9.0.82]
19/12/2023 12:59:10.759 INFO  [main] o.a.c.c.C.[Tomcat].[localhost].[/] (log:173): Initializing Spring embedded WebApplicationContext
19/12/2023 12:59:10.759 INFO  [main] o.s.b.w.s.c.ServletWebServerApplicationContext (prepareWebApplicationContext:292): Root WebApplicationContext: initialization completed in 1215 ms
19/12/2023 12:59:11.126 INFO  [main] com.zaxxer.hikari.HikariDataSource (<init>:80): db_oracle_e_ktt_test - Starting...
19/12/2023 12:59:11.532 INFO  [main] com.zaxxer.hikari.HikariDataSource (<init>:82): db_oracle_e_ktt_test - Start completed.
19/12/2023 12:59:11.532 INFO  [main] com.zaxxer.hikari.HikariDataSource (<init>:80): db_oracle_e_ktt_dev - Starting...
19/12/2023 12:59:11.577 INFO  [main] com.zaxxer.hikari.HikariDataSource (<init>:82): db_oracle_e_ktt_dev - Start completed.
19/12/2023 12:59:12.055 INFO  [main] o.s.s.web.DefaultSecurityFilterChain (<init>:55): Will secure any request with [org.springframework.security.web.session.DisableEncodeUrlFilter@7499eac7, org.springframework.security.web.context.request.async.WebAsyncManagerIntegrationFilter@5438c17a, org.springframework.security.web.context.SecurityContextPersistenceFilter@214beff9, org.springframework.security.web.header.HeaderWriterFilter@2cd388f5, org.springframework.security.web.authentication.logout.LogoutFilter@d611f1c, com.klkt.klktkotlin.webapi.auth.config.JwtAuthenticationFilter@6ecab872, org.springframework.security.web.savedrequest.RequestCacheAwareFilter@217c23ce, org.springframework.security.web.servletapi.SecurityContextHolderAwareRequestFilter@5fcd1c5f, org.springframework.security.web.authentication.AnonymousAuthenticationFilter@b9d018b, org.springframework.security.web.session.SessionManagementFilter@4e3e11b9, org.springframework.security.web.access.ExceptionTranslationFilter@3a401749, org.springframework.security.web.access.intercept.AuthorizationFilter@70a898b0]
19/12/2023 12:59:12.173 INFO  [main] o.a.coyote.http11.Http11NioProtocol (log:173): Starting ProtocolHandler ["http-nio-8088"]
19/12/2023 12:59:12.194 INFO  [main] o.s.b.w.e.tomcat.TomcatWebServer (start:220): Tomcat started on port(s): 8088 (http) with context path ''
19/12/2023 12:59:12.373 INFO  [main] c.k.k.KlktkotlinApplication$Companion (logStarted:61): Started KlktkotlinApplication.Companion in 3.281 seconds (JVM running for 4.283)
19/12/2023 12:59:12.376 INFO  [main] c.k.klktkotlin.KlktkotlinApplication (main:40): HELLO MR.KHOAI!
19/12/2023 12:59:12.377 INFO  [main] c.k.klktkotlin.KlktkotlinApplication (main:42): Active profiles: []
19/12/2023 12:59:19.399 INFO  [http-nio-8088-exec-1] o.a.c.c.C.[Tomcat].[localhost].[/] (log:173): Initializing Spring DispatcherServlet 'dispatcherServlet'
19/12/2023 12:59:19.399 INFO  [http-nio-8088-exec-1] o.s.web.servlet.DispatcherServlet (initServletBean:525): Initializing Servlet 'dispatcherServlet'
19/12/2023 12:59:19.400 INFO  [http-nio-8088-exec-1] o.s.web.servlet.DispatcherServlet (initServletBean:547): Completed initialization in 1 ms
19/12/2023 12:59:19.499 ERROR [http-nio-8088-exec-1] c.k.k.w.a.c.JwtAuthenticationFilter$Companion (doFilterInternal:55): Invalid JWT signature: JWT signature does not match locally computed signature. JWT validity cannot be asserted and should not be trusted.
